>>> Open ../data/BK/PT_VR.i2s in r mode

-> Polyligne 1 (sans Z)
valeur = 172.0
nombre de points = 2
longueur = 274.0972887548118
fermé = False
s'intersecte pas = True
Distance mini entre points consecutifs = 274.0972887548118 entre les points None et None

-> Polyligne 2 (sans Z)
valeur = 172.5
nombre de points = 2
longueur = 251.07002197636032
fermé = False
s'intersecte pas = True
Distance mini entre points consecutifs = 251.07002197636032 entre les points None et None

-> Polyligne 3 (sans Z)
valeur = 173.0
nombre de points = 2
longueur = 193.80204067909094
fermé = False
s'intersecte pas = True
Distance mini entre points consecutifs = 193.80204067909094 entre les points None et None

-> Polyligne 4 (sans Z)
valeur = 173.5
nombre de points = 2
longueur = 232.70441985011865
fermé = False
s'intersecte pas = True
Distance mini entre points consecutifs = 232.70441985011865 entre les points None et None

-> Polyligne 5 (sans Z)
valeur = 174.0
nombre de points = 2
longueur = 245.05832349636708
fermé = False
s'intersecte pas = True
Distance mini entre points consecutifs = 245.05832349636708 entre les points None et None

-> Polyligne 6 (sans Z)
valeur = 174.5
nombre de points = 2
longueur = 208.6503207301638
fermé = False
s'intersecte pas = True
Distance mini entre points consecutifs = 208.6503207301638 entre les points None et None

-> Polyligne 7 (sans Z)
valeur = 175.0
nombre de points = 2
longueur = 177.08042397309197
fermé = False
s'intersecte pas = True
Distance mini entre points consecutifs = 177.08042397309197 entre les points None et None

-> Polyligne 8 (sans Z)
valeur = 175.3
nombre de points = 2
longueur = 223.55923822738785
fermé = False
s'intersecte pas = True
Distance mini entre points consecutifs = 223.55923822738785 entre les points None et None

-> Polyligne 9 (sans Z)
valeur = 175.5
nombre de points = 2
longueur = 269.83922725914033
fermé = False
s'intersecte pas = True
Distance mini entre points consecutifs = 269.83922725914033 entre les points None et None

-> Polyligne 10 (sans Z)
valeur = 175.9
nombre de points = 2
longueur = 180.113598494311
fermé = False
s'intersecte pas = True
Distance mini entre points consecutifs = 180.113598494311 entre les points None et None

-> Polyligne 11 (sans Z)
valeur = 176.0
nombre de points = 2
longueur = 190.95958971219525
fermé = False
s'intersecte pas = True
Distance mini entre points consecutifs = 190.95958971219525 entre les points None et None

-> Polyligne 12 (sans Z)
valeur = 176.5
nombre de points = 2
longueur = 231.13638281579495
fermé = False
s'intersecte pas = True
Distance mini entre points consecutifs = 231.13638281579495 entre les points None et None

-> Polyligne 13 (sans Z)
valeur = 177.0
nombre de points = 2
longueur = 188.12934037863428
fermé = False
s'intersecte pas = True
Distance mini entre points consecutifs = 188.12934037863428 entre les points None et None

-> Polyligne 14 (sans Z)
valeur = 177.5
nombre de points = 2
longueur = 212.8583230168135
fermé = False
s'intersecte pas = True
Distance mini entre points consecutifs = 212.8583230168135 entre les points None et None

-> Polyligne 15 (sans Z)
valeur = 177.8
nombre de points = 2
longueur = 232.56244405032498
fermé = False
s'intersecte pas = True
Distance mini entre points consecutifs = 232.56244405032498 entre les points None et None

-> Polyligne 16 (sans Z)
valeur = 178.0
nombre de points = 2
longueur = 243.3862396362007
fermé = False
s'intersecte pas = True
Distance mini entre points consecutifs = 243.3862396362007 entre les points None et None

-> Polyligne 17 (sans Z)
valeur = 178.1
nombre de points = 2
longueur = 195.24896446939243
fermé = False
s'intersecte pas = True
Distance mini entre points consecutifs = 195.24896446939243 entre les points None et None

-> Polyligne 18 (sans Z)
valeur = 178.5
nombre de points = 2
longueur = 229.65236474691596
fermé = False
s'intersecte pas = True
Distance mini entre points consecutifs = 229.65236474691596 entre les points None et None

-> Polyligne 19 (sans Z)
valeur = 179.0
nombre de points = 2
longueur = 220.65438579445882
fermé = False
s'intersecte pas = True
Distance mini entre points consecutifs = 220.65438579445882 entre les points None et None

-> Polyligne 20 (sans Z)
valeur = 179.5
nombre de points = 2
longueur = 242.6402217867847
fermé = False
s'intersecte pas = True
Distance mini entre points consecutifs = 242.6402217867847 entre les points None et None

-> Polyligne 21 (sans Z)
valeur = 180.0
nombre de points = 2
longueur = 269.770670001318
fermé = False
s'intersecte pas = True
Distance mini entre points consecutifs = 269.770670001318 entre les points None et None

-> Polyligne 22 (sans Z)
valeur = 180.2
nombre de points = 2
longueur = 231.91242047570483
fermé = False
s'intersecte pas = True
Distance mini entre points consecutifs = 231.91242047570483 entre les points None et None

-> Polyligne 23 (sans Z)
valeur = 180.5
nombre de points = 2
longueur = 214.83914060422074
fermé = False
s'intersecte pas = True
Distance mini entre points consecutifs = 214.83914060422074 entre les points None et None

-> Polyligne 24 (sans Z)
valeur = 181.0
nombre de points = 2
longueur = 224.4526339781515
fermé = False
s'intersecte pas = True
Distance mini entre points consecutifs = 224.4526339781515 entre les points None et None

-> Polyligne 25 (sans Z)
valeur = 181.5
nombre de points = 2
longueur = 228.74587589150124
fermé = False
s'intersecte pas = True
Distance mini entre points consecutifs = 228.74587589150124 entre les points None et None

-> Polyligne 26 (sans Z)
valeur = 182.0
nombre de points = 2
longueur = 184.45209715872036
fermé = False
s'intersecte pas = True
Distance mini entre points consecutifs = 184.45209715872036 entre les points None et None

-> Polyligne 27 (sans Z)
valeur = 182.5
nombre de points = 2
longueur = 167.42639250634923
fermé = False
s'intersecte pas = True
Distance mini entre points consecutifs = 167.42639250634923 entre les points None et None

-> Polyligne 28 (sans Z)
valeur = 183.0
nombre de points = 2
longueur = 218.5527513002981
fermé = False
s'intersecte pas = True
Distance mini entre points consecutifs = 218.5527513002981 entre les points None et None

-> Polyligne 29 (sans Z)
valeur = 183.5
nombre de points = 2
longueur = 213.0783949075084
fermé = False
s'intersecte pas = True
Distance mini entre points consecutifs = 213.0783949075084 entre les points None et None

-> Polyligne 30 (sans Z)
valeur = 184.0
nombre de points = 2
longueur = 203.07262265113442
fermé = False
s'intersecte pas = True
Distance mini entre points consecutifs = 203.07262265113442 entre les points None et None

-> Polyligne 31 (sans Z)
valeur = 184.5
nombre de points = 2
longueur = 174.80733080194298
fermé = False
s'intersecte pas = True
Distance mini entre points consecutifs = 174.80733080194298 entre les points None et None

-> Polyligne 32 (sans Z)
valeur = 185.0
nombre de points = 2
longueur = 181.77954939106885
fermé = False
s'intersecte pas = True
Distance mini entre points consecutifs = 181.77954939106885 entre les points None et None

-> Polyligne 33 (sans Z)
valeur = 185.4
nombre de points = 2
longueur = 189.61382515344133
fermé = False
s'intersecte pas = True
Distance mini entre points consecutifs = 189.61382515344133 entre les points None et None

-> Polyligne 34 (sans Z)
valeur = 185.5
nombre de points = 2
longueur = 194.50971549938112
fermé = False
s'intersecte pas = True
Distance mini entre points consecutifs = 194.50971549938112 entre les points None et None

-> Polyligne 35 (sans Z)
valeur = 186.0
nombre de points = 2
longueur = 243.4097143884151
fermé = False
s'intersecte pas = True
Distance mini entre points consecutifs = 243.4097143884151 entre les points None et None

-> Polyligne 36 (sans Z)
valeur = 186.5
nombre de points = 2
longueur = 237.6588344840565
fermé = False
s'intersecte pas = True
Distance mini entre points consecutifs = 237.6588344840565 entre les points None et None

-> Polyligne 37 (sans Z)
valeur = 187.0
nombre de points = 2
longueur = 195.52438163773843
fermé = False
s'intersecte pas = True
Distance mini entre points consecutifs = 195.52438163773843 entre les points None et None

-> Polyligne 38 (sans Z)
valeur = 187.5
nombre de points = 2
longueur = 206.99761434482798
fermé = False
s'intersecte pas = True
Distance mini entre points consecutifs = 206.99761434482798 entre les points None et None

-> Polyligne 39 (sans Z)
valeur = 187.6
nombre de points = 2
longueur = 222.01008796306976
fermé = False
s'intersecte pas = True
Distance mini entre points consecutifs = 222.01008796306976 entre les points None et None

-> Polyligne 40 (sans Z)
valeur = 188.0
nombre de points = 2
longueur = 261.6758922044594
fermé = False
s'intersecte pas = True
Distance mini entre points consecutifs = 261.6758922044594 entre les points None et None

-> Polyligne 41 (sans Z)
valeur = 188.5
nombre de points = 2
longueur = 195.76752288548798
fermé = False
s'intersecte pas = True
Distance mini entre points consecutifs = 195.76752288548798 entre les points None et None

-> Polyligne 42 (sans Z)
valeur = 189.0
nombre de points = 2
longueur = 238.24692695262638
fermé = False
s'intersecte pas = True
Distance mini entre points consecutifs = 238.24692695262638 entre les points None et None

-> Polyligne 43 (sans Z)
valeur = 189.5
nombre de points = 2
longueur = 168.30002917863672
fermé = False
s'intersecte pas = True
Distance mini entre points consecutifs = 168.30002917863672 entre les points None et None

-> Polyligne 44 (sans Z)
valeur = 190.0
nombre de points = 2
longueur = 174.6291392640413
fermé = False
s'intersecte pas = True
Distance mini entre points consecutifs = 174.6291392640413 entre les points None et None

-> Polyligne 45 (sans Z)
valeur = 190.5
nombre de points = 2
longueur = 195.2217858317306
fermé = False
s'intersecte pas = True
Distance mini entre points consecutifs = 195.2217858317306 entre les points None et None

-> Polyligne 46 (sans Z)
valeur = 191.0
nombre de points = 2
longueur = 180.10498298373088
fermé = False
s'intersecte pas = True
Distance mini entre points consecutifs = 180.10498298373088 entre les points None et None

-> Polyligne 47 (sans Z)
valeur = 191.5
nombre de points = 2
longueur = 240.23899552847385
fermé = False
s'intersecte pas = True
Distance mini entre points consecutifs = 240.23899552847385 entre les points None et None

-> Polyligne 48 (sans Z)
valeur = 192.0
nombre de points = 2
longueur = 327.6583905202799
fermé = False
s'intersecte pas = True
Distance mini entre points consecutifs = 327.6583905202799 entre les points None et None

-> Polyligne 49 (sans Z)
valeur = 192.5
nombre de points = 2
longueur = 287.1594570640673
fermé = False
s'intersecte pas = True
Distance mini entre points consecutifs = 287.1594570640673 entre les points None et None

-> Polyligne 50 (sans Z)
valeur = 193.0
nombre de points = 2
longueur = 209.9053768757722
fermé = False
s'intersecte pas = True
Distance mini entre points consecutifs = 209.9053768757722 entre les points None et None

-> Polyligne 51 (sans Z)
valeur = 193.5
nombre de points = 2
longueur = 239.48326949357025
fermé = False
s'intersecte pas = True
Distance mini entre points consecutifs = 239.48326949357025 entre les points None et None

-> Polyligne 52 (sans Z)
valeur = 194.0
nombre de points = 2
longueur = 255.965455685039
fermé = False
s'intersecte pas = True
Distance mini entre points consecutifs = 255.965455685039 entre les points None et None

-> Polyligne 53 (sans Z)
valeur = 194.5
nombre de points = 2
longueur = 190.12366358044437
fermé = False
s'intersecte pas = True
Distance mini entre points consecutifs = 190.12366358044437 entre les points None et None

-> Polyligne 54 (sans Z)
valeur = 195.0
nombre de points = 2
longueur = 164.29646124603542
fermé = False
s'intersecte pas = True
Distance mini entre points consecutifs = 164.29646124603542 entre les points None et None

-> Polyligne 55 (sans Z)
valeur = 195.5
nombre de points = 2
longueur = 160.6904594545054
fermé = False
s'intersecte pas = True
Distance mini entre points consecutifs = 160.6904594545054 entre les points None et None

-> Polyligne 56 (sans Z)
valeur = 196.0
nombre de points = 2
longueur = 162.42081962227007
fermé = False
s'intersecte pas = True
Distance mini entre points consecutifs = 162.42081962227007 entre les points None et None

-> Polyligne 57 (sans Z)
valeur = 196.5
nombre de points = 2
longueur = 154.20783639235094
fermé = False
s'intersecte pas = True
Distance mini entre points consecutifs = 154.20783639235094 entre les points None et None

-> Polyligne 58 (sans Z)
valeur = 197.0
nombre de points = 2
longueur = 185.8621620755553
fermé = False
s'intersecte pas = True
Distance mini entre points consecutifs = 185.8621620755553 entre les points None et None

-> Polyligne 59 (sans Z)
valeur = 197.5
nombre de points = 2
longueur = 204.15740796466318
fermé = False
s'intersecte pas = True
Distance mini entre points consecutifs = 204.15740796466318 entre les points None et None

-> Polyligne 60 (sans Z)
valeur = 198.0
nombre de points = 2
longueur = 253.9649412675886
fermé = False
s'intersecte pas = True
Distance mini entre points consecutifs = 253.9649412675886 entre les points None et None

-> Polyligne 61 (sans Z)
valeur = 198.5
nombre de points = 2
longueur = 302.72587321116094
fermé = False
s'intersecte pas = True
Distance mini entre points consecutifs = 302.72587321116094 entre les points None et None

-> Polyligne 62 (sans Z)
valeur = 199.0
nombre de points = 2
longueur = 174.61779510032764
fermé = False
s'intersecte pas = True
Distance mini entre points consecutifs = 174.61779510032764 entre les points None et None

-> Polyligne 63 (sans Z)
valeur = 199.5
nombre de points = 2
longueur = 292.59884573465064
fermé = False
s'intersecte pas = True
Distance mini entre points consecutifs = 292.59884573465064 entre les points None et None

-> Polyligne 64 (sans Z)
valeur = 200.0
nombre de points = 2
longueur = 225.49376403781127
fermé = False
s'intersecte pas = True
Distance mini entre points consecutifs = 225.49376403781127 entre les points None et None

-> Polyligne 65 (sans Z)
valeur = 200.5
nombre de points = 2
longueur = 181.83632319910643
fermé = False
s'intersecte pas = True
Distance mini entre points consecutifs = 181.83632319910643 entre les points None et None

-> Calcul des distances minimales entre polylignes
distance(1, 2) = 392.7744072446312
distance(1, 3) = 878.002692417387
distance(1, 4) = 1363.5460823962842
distance(1, 5) = 1843.8043147182022
distance(1, 6) = 2265.394237617228
distance(1, 7) = 2772.1521789832436
distance(1, 8) = 3123.5298167611513
distance(1, 9) = 3337.7503198330082
distance(1, 10) = 3672.992894845976
distance(1, 11) = 3747.1282863837823
distance(1, 12) = 4182.278166010015
distance(1, 13) = 4787.400217382034
distance(1, 14) = 5332.688453817385
distance(1, 15) = 5595.130439329276
distance(1, 16) = 5754.11347301289
distance(1, 17) = 5847.443159041988
distance(1, 18) = 6235.44774902318
distance(1, 19) = 6784.073066078276
distance(1, 20) = 7304.240741328769
distance(1, 21) = 7789.869106533705
distance(1, 22) = 7998.626027791672
distance(1, 23) = 8290.978879116139
distance(1, 24) = 8834.585781721193
distance(1, 25) = 9426.423065106153
distance(1, 26) = 9846.916014216742
distance(1, 27) = 10285.602875333652
distance(1, 28) = 10793.887802915939
distance(1, 29) = 11358.96345052829
distance(1, 30) = 11783.665061210117
distance(1, 31) = 12257.717532220322
distance(1, 32) = 12812.938426820505
distance(1, 33) = 13255.63292395008
distance(1, 34) = 13350.85839373122
distance(1, 35) = 13856.494158929572
distance(1, 36) = 14253.854246816769
distance(1, 37) = 14620.335943372154
distance(1, 38) = 15134.349253826995
distance(1, 39) = 15230.534688421454
distance(1, 40) = 15699.643725245263
distance(1, 41) = 16211.519423971402
distance(1, 42) = 16578.12517985464
distance(1, 43) = 17085.305537357825
distance(1, 44) = 17509.08370139173
distance(1, 45) = 18001.390011421612
distance(1, 46) = 18537.869777414944
distance(1, 47) = 19041.23566017988
distance(1, 48) = 19446.153382208777
distance(1, 49) = 19872.207423811447
distance(1, 50) = 20358.734929713966
distance(1, 51) = 20742.12942255838
distance(1, 52) = 21043.47613074586
distance(1, 53) = 21383.27595613446
distance(1, 54) = 21737.09770200135
distance(1, 55) = 22120.276422325514
distance(1, 56) = 22616.197410935456
distance(1, 57) = 23063.438191346828
distance(1, 58) = 23440.964425353704
distance(1, 59) = 23914.00353017453
distance(1, 60) = 24385.995716559315
distance(1, 61) = 24693.755279477784
distance(1, 62) = 24840.972076035156
distance(1, 63) = 24630.742602310518
distance(1, 64) = 24501.19037151058
distance(1, 65) = 24503.418792257882
distance(2, 3) = 495.97278023509324
distance(2, 4) = 1007.5737491566155
distance(2, 5) = 1505.4492932731077
distance(2, 6) = 1945.2917129165794
distance(2, 7) = 2466.588939104171
distance(2, 8) = 2826.424954184732
distance(2, 9) = 3043.217943840845
distance(2, 10) = 3382.037137696559
distance(2, 11) = 3458.200810211485
distance(2, 12) = 3902.8688938906243
distance(2, 13) = 4498.664228978667
distance(2, 14) = 5039.489401440092
distance(2, 15) = 5298.829068244156
distance(2, 16) = 5455.579901112388
distance(2, 17) = 5547.494243709244
distance(2, 18) = 5930.446857068958
distance(2, 19) = 6482.383761203752
distance(2, 20) = 7005.598749104616
distance(2, 21) = 7496.306273772747
distance(2, 22) = 7703.955562222049
distance(2, 23) = 7998.1441366692425
distance(2, 24) = 8544.622710318765
distance(2, 25) = 9135.518815624187
distance(2, 26) = 9561.170830041872
distance(2, 27) = 10003.677340771137
distance(2, 28) = 10518.347673987902
distance(2, 29) = 11087.201450800103
distance(2, 30) = 11514.946723981182
distance(2, 31) = 11992.353581778714
distance(2, 32) = 12549.713646806409
distance(2, 33) = 12988.710812694753
distance(2, 34) = 13083.855489453912
distance(2, 35) = 13594.567273459748
distance(2, 36) = 13994.957334608865
distance(2, 37) = 14364.368806709595
distance(2, 38) = 14880.92213165461
distance(2, 39) = 14977.34386118008
distance(2, 40) = 15443.346037993839
distance(2, 41) = 15959.71003067121
distance(2, 42) = 16322.80756487604
distance(2, 43) = 16832.430899280665
distance(2, 44) = 17257.40248604919
distance(2, 45) = 17746.911010235253
distance(2, 46) = 18282.687645772803
distance(2, 47) = 18790.05933241425
distance(2, 48) = 19196.959386943356
distance(2, 49) = 19627.074126746556
distance(2, 50) = 20116.146003442136
distance(2, 51) = 20504.70998313838
distance(2, 52) = 20810.71004583226
distance(2, 53) = 21155.88021913704
distance(2, 54) = 21515.72009657452
distance(2, 55) = 21903.455705377375
distance(2, 56) = 22402.003249109745
distance(2, 57) = 22846.527167995377
distance(2, 58) = 23221.880089249164
distance(2, 59) = 23692.70294125714
distance(2, 60) = 24163.416439722907
distance(2, 61) = 24476.71747378577
distance(2, 62) = 24628.752788926184
distance(2, 63) = 24425.228542397275
distance(2, 64) = 24302.129295315204
distance(2, 65) = 24314.02893587089
distance(3, 4) = 524.7136306710246
distance(3, 5) = 1038.300845595277
distance(3, 6) = 1491.6022810007953
distance(3, 7) = 2022.509244136906
distance(3, 8) = 2388.0250307774004
distance(3, 9) = 2605.8687072992416
distance(3, 10) = 2946.200970834453
distance(3, 11) = 3023.9745702652353
distance(3, 12) = 3475.931910832045
distance(3, 13) = 4060.37983139519
distance(3, 14) = 4595.652428448292
distance(3, 15) = 4851.658495859413
distance(3, 16) = 5006.145337925539
distance(3, 17) = 5096.664616547176
distance(3, 18) = 5474.724363467801
distance(3, 19) = 6022.758571901771
distance(3, 20) = 6554.039488760939
distance(3, 21) = 7048.613676688611
distance(3, 22) = 7255.127560195745
distance(3, 23) = 7550.637180252514
distance(3, 24) = 8099.15233218985
distance(3, 25) = 8686.146799179283
distance(3, 26) = 9118.644243399305
distance(3, 27) = 9564.196664626701
distance(3, 28) = 10084.179151165194
distance(3, 29) = 10656.076210871552
distance(3, 30) = 11086.321256509209
distance(3, 31) = 11566.510301393211
distance(3, 32) = 12125.25360336339
distance(3, 33) = 12561.019225658043
distance(3, 34) = 12656.052968602244
distance(3, 35) = 13171.129800156086
distance(3, 36) = 13574.115779853788
distance(3, 37) = 13946.064004769736
distance(3, 38) = 14464.761681492631
distance(3, 39) = 14561.366917612731
distance(3, 40) = 15024.368518252912
distance(3, 41) = 15544.680711463267
distance(3, 42) = 15904.328913257072
distance(3, 43) = 16416.16901078216
distance(3, 44) = 16842.11923968407
distance(3, 45) = 17328.931466711438
distance(3, 46) = 17863.96041081228
distance(3, 47) = 18374.86612953882
distance(3, 48) = 18783.49302037672
distance(3, 49) = 19217.258159979225
distance(3, 50) = 19708.586986454822
distance(3, 51) = 20101.90159526642
distance(3, 52) = 20412.228168622136
distance(3, 53) = 20762.439785919705
distance(3, 54) = 21127.992182778504
distance(3, 55) = 21520.06747777888
distance(3, 56) = 22020.147877326326
distance(3, 57) = 22462.858818042638
distance(3, 58) = 22836.03087044069
distance(3, 59) = 23304.626911032574
distance(3, 60) = 23774.028514648922
distance(3, 61) = 24092.629407428703
distance(3, 62) = 24249.333506186955
distance(3, 63) = 24052.441020426773
distance(3, 64) = 23935.779449584184
distance(3, 65) = 23957.406902155984
distance(4, 5) = 508.26666825683225
distance(4, 6) = 964.6454724575663
distance(4, 7) = 1497.8608708260876
distance(4, 8) = 1864.9192376693122
distance(4, 9) = 2082.702373352607
distance(4, 10) = 2423.025069914807
distance(4, 11) = 2501.3758961915532
distance(4, 12) = 2954.658301949679
distance(4, 13) = 3534.963548487859
distance(4, 14) = 4068.15943620881
distance(4, 15) = 4323.199335571683
distance(4, 16) = 4477.133464679224
distance(4, 17) = 4567.352353881948
distance(4, 18) = 4944.598378255202
distance(4, 19) = 5493.2445347213325
distance(4, 20) = 6024.415726085557
distance(4, 21) = 6519.661764169875
distance(4, 22) = 6725.928721387679
distance(4, 23) = 7021.673148286846
distance(4, 24) = 7570.572358374615
distance(4, 25) = 8156.744235575935
distance(4, 26) = 8590.661416796347
distance(4, 27) = 9036.96041688262
distance(4, 28) = 9558.440206654031
distance(4, 29) = 10131.253223660124
distance(4, 30) = 10562.298322818671
distance(4, 31) = 11043.421018168663
distance(4, 32) = 11601.759779646794
distance(4, 33) = 12037.17088212768
distance(4, 34) = 12132.157583582502
distance(4, 35) = 12648.757661406591
distance(4, 36) = 13052.69035941714
distance(4, 37) = 13425.599477472428
distance(4, 38) = 13945.113985249187
distance(4, 39) = 14041.785076254166
distance(4, 40) = 14503.539438875232
distance(4, 41) = 15025.398857337692
distance(4, 42) = 15383.62666065656
distance(4, 43) = 15896.313284779284
distance(4, 44) = 16322.629999909797
distance(4, 45) = 16808.327394646993
distance(4, 46) = 17343.03136879201
distance(4, 47) = 17855.311502521967
distance(4, 48) = 18264.622142300028
distance(4, 49) = 18699.904009330185
distance(4, 50) = 19192.185710130685
distance(4, 51) = 19587.6170454296
distance(4, 52) = 19899.953577689907
distance(4, 53) = 20252.596957466314
distance(4, 54) = 20621.015186200766
distance(4, 55) = 21015.329612555335
distance(4, 56) = 21515.445819001652
distance(4, 57) = 21957.895932644235
distance(4, 58) = 22329.89613837759
distance(4, 59) = 22797.309083913566
distance(4, 60) = 23266.011097967687
distance(4, 61) = 23587.328014267237
distance(4, 62) = 23746.507046476345
distance(4, 63) = 23553.275284706866
distance(4, 64) = 23440.28468502791
distance(4, 65) = 23467.651964801946
distance(5, 6) = 460.0375412767309
distance(5, 7) = 994.3421105962306
distance(5, 8) = 1362.0309589079038
distance(5, 9) = 1579.6557220322404
distance(5, 10) = 1919.532800513461
distance(5, 11) = 1998.3651265098063
distance(5, 12) = 2450.3729036378877
distance(5, 13) = 3028.9440120099534
distance(5, 14) = 3560.6731277391837
distance(5, 15) = 3814.067602040608
distance(5, 16) = 3965.776384649257
distance(5, 17) = 4054.1337499183096
distance(5, 18) = 4422.835198425752
distance(5, 19) = 4965.151816623435
distance(5, 20) = 5506.554748425501
distance(5, 21) = 6006.516926805151
distance(5, 22) = 6210.804859591365
distance(5, 23) = 6507.9696251531905
distance(5, 24) = 7058.917793159456
distance(5, 25) = 7639.00699135407
distance(5, 26) = 8081.332944099858
distance(5, 27) = 8529.347671994206
distance(5, 28) = 9051.732234310513
distance(5, 29) = 9625.086519559005
distance(5, 30) = 10056.628654808135
distance(5, 31) = 10538.352969614043
distance(5, 32) = 11096.155937774236
distance(5, 33) = 11531.573024175686
distance(5, 34) = 11626.527064032533
distance(5, 35) = 12144.123593868988
distance(5, 36) = 12548.69675664416
distance(5, 37) = 12922.271677406101
distance(5, 38) = 13442.35479284224
distance(5, 39) = 13539.070129051841
distance(5, 40) = 13999.91996970527
distance(5, 41) = 14522.868327377922
distance(5, 42) = 14880.07280864135
distance(5, 43) = 15393.345143209452
distance(5, 44) = 15819.912798768639
distance(5, 45) = 16304.8092355458
distance(5, 46) = 16839.27643422021
distance(5, 47) = 17352.511378877938
distance(5, 48) = 17762.302706483748
distance(5, 49) = 18198.67961856463
distance(5, 50) = 18691.655171165494
distance(5, 51) = 19088.6724332797
distance(5, 52) = 19402.54661536139
distance(5, 53) = 19757.08325274174
distance(5, 54) = 20127.771665552806
distance(5, 55) = 20523.87861955296
distance(5, 56) = 21024.002645802404
distance(5, 57) = 21466.223499068237
distance(5, 58) = 21837.264240862718
distance(5, 59) = 22303.713406182404
distance(5, 60) = 22771.843814258562
distance(5, 61) = 23095.323111878875
distance(5, 62) = 23256.50149515047
distance(5, 63) = 23066.281796006377
distance(5, 64) = 22956.349433833846
distance(5, 65) = 22988.554442898927
distance(6, 7) = 521.4018849970719
distance(6, 8) = 886.342769805631
distance(6, 9) = 1115.284484825903
distance(6, 10) = 1452.844438354134
distance(6, 11) = 1534.3410126458487
distance(6, 12) = 1971.8927074699416
distance(6, 13) = 2549.380825457099
distance(6, 14) = 3072.1006689556493
distance(6, 15) = 3322.430417447318
distance(6, 16) = 3473.607796379348
distance(6, 17) = 3562.276085766864
distance(6, 18) = 3934.811900185042
distance(6, 19) = 4480.773303104644
distance(6, 20) = 5016.992342496847
distance(6, 21) = 5515.092125630317
distance(6, 22) = 5720.218569244819
distance(6, 23) = 6016.8640685015735
distance(6, 24) = 6567.133090352131
distance(6, 25) = 7149.7684119085525
distance(6, 26) = 7589.160234267298
distance(6, 27) = 8037.96709488361
distance(6, 28) = 8564.2454308531
distance(6, 29) = 9139.745469237761
distance(6, 30) = 9573.088205328822
distance(6, 31) = 10056.829700963948
distance(6, 32) = 10612.633540390307
distance(6, 33) = 11048.020972544573
distance(6, 34) = 11142.842433749565
distance(6, 35) = 11663.738125916127
distance(6, 36) = 12070.24580211584
distance(6, 37) = 12445.732718420648
distance(6, 38) = 12967.34664681353
distance(6, 39) = 13064.170017729066
distance(6, 40) = 13522.372463144557
distance(6, 41) = 14048.334048577439
distance(6, 42) = 14402.606255625986
distance(6, 43) = 14917.489902627776
distance(6, 44) = 15344.705518066867
distance(6, 45) = 15827.292127507257
distance(6, 46) = 16361.019214344908
distance(6, 47) = 16876.91963760159
distance(6, 48) = 17287.97917140602
distance(6, 49) = 17727.171025017396
distance(6, 50) = 18221.83742640338
distance(6, 51) = 18622.619282639105
distance(6, 52) = 18939.970963409476
distance(6, 53) = 19297.69953774108
distance(6, 54) = 19668.975442470062
distance(6, 55) = 20065.61892140936
distance(6, 56) = 20565.741438892288
distance(6, 57) = 21007.886494522878
distance(6, 58) = 21378.633272614243
distance(6, 59) = 21844.807247118624
distance(6, 60) = 22312.784192600546
distance(6, 61) = 22636.872459108657
distance(6, 62) = 22798.69848098857
distance(6, 63) = 22609.583064702878
distance(6, 64) = 22500.898198209456
distance(6, 65) = 22535.28051143012
distance(7, 8) = 366.16619854862796
distance(7, 9) = 585.3115943750503
distance(7, 10) = 925.1123970130279
distance(7, 11) = 1004.0186010465861
distance(7, 12) = 1451.2004168274614
distance(7, 13) = 2028.906258128966
distance(7, 14) = 2554.759402822444
distance(7, 15) = 2807.4479784846594
distance(7, 16) = 2960.4056538115065
distance(7, 17) = 3050.2469526290415
distance(7, 18) = 3427.4631803204775
distance(7, 19) = 3977.315444772185
distance(7, 20) = 4507.066416081993
distance(7, 21) = 5002.85325853983
distance(7, 22) = 5208.849327744992
distance(7, 23) = 5504.828739863362
distance(7, 24) = 6054.190917028541
distance(7, 25) = 6639.485228541055
distance(7, 26) = 7075.117315184811
distance(7, 27) = 7522.6749774310065
distance(7, 28) = 8047.066536303809
distance(7, 29) = 8621.755228812372
distance(7, 30) = 9054.502529745236
distance(7, 31) = 9537.662378328105
distance(7, 32) = 10094.076065979922
distance(7, 33) = 10529.485322061202
distance(7, 34) = 10624.351888241443
distance(7, 35) = 11144.314544969064
distance(7, 36) = 11550.37732338614
distance(7, 37) = 11925.48909380919
distance(7, 38) = 12446.849539559144
distance(7, 39) = 12543.65716064332
distance(7, 40) = 13002.341500038887
distance(7, 41) = 13527.759143612599
distance(7, 42) = 13882.572285932561
distance(7, 43) = 14397.160878899236
distance(7, 44) = 14824.271989496277
distance(7, 45) = 15307.286800142154
distance(7, 46) = 15841.174724482467
distance(7, 47) = 16356.566465422236
distance(7, 48) = 16767.39747472
distance(7, 49) = 17204.325002552927
distance(7, 50) = 17697.340340535404
distance(7, 51) = 18094.67281917364
distance(7, 52) = 18409.09190181102
distance(7, 53) = 18764.551118878833
distance(7, 54) = 19136.63394259571
distance(7, 55) = 19534.016926244774
distance(7, 56) = 20034.13424873085
distance(7, 57) = 20476.17303624755
distance(7, 58) = 20846.513580026138
distance(7, 59) = 21312.30277518929
distance(7, 60) = 21780.06226379826
distance(7, 61) = 22104.995179693135
distance(7, 62) = 22267.698534039868
distance(7, 63) = 22080.054725795682
distance(7, 64) = 21973.007855365293
distance(7, 65) = 22010.21063324265
distance(8, 9) = 217.5345574043578
distance(8, 10) = 557.5018384926734
distance(8, 11) = 636.2853916479457
distance(8, 12) = 1084.9876678909459
distance(8, 13) = 1662.7361353156593
distance(8, 14) = 2187.2924837464234
distance(8, 15) = 2439.961574043175
distance(8, 16) = 2593.1578690210513
distance(8, 17) = 2683.2330361690797
distance(8, 18) = 3061.7551093627967
distance(8, 19) = 3612.8188426052507
distance(8, 20) = 4140.416383979429
distance(8, 21) = 4635.663755257409
distance(8, 22) = 4841.819734583268
distance(8, 23) = 5137.6590176665595
distance(8, 24) = 5686.861066613338
distance(8, 25) = 6272.635499275794
distance(8, 26) = 6707.648573506546
distance(8, 27) = 7155.138295841819
distance(8, 28) = 7679.637681156468
distance(8, 29) = 8254.485416997586
distance(8, 30) = 8687.41171712879
distance(8, 31) = 9170.815655688033
distance(8, 32) = 9726.979022108973
distance(8, 33) = 10162.382083179225
distance(8, 34) = 10257.233710741604
distance(8, 35) = 10777.606744328143
distance(8, 36) = 11183.959455240456
distance(8, 37) = 11559.319703129691
distance(8, 38) = 12080.212407209383
distance(8, 39) = 12176.956788005231
distance(8, 40) = 12636.05256140126
distance(8, 41) = 13160.827100331397
distance(8, 42) = 13516.286314424828
distance(8, 43) = 14030.905113887538
distance(8, 44) = 14457.760834573739
distance(8, 45) = 14940.978031824665
distance(8, 46) = 15474.742709128788
distance(8, 47) = 15990.241788326552
distance(8, 48) = 16400.26048663611
distance(8, 49) = 16836.373592433447
distance(8, 50) = 17329.321482505067
distance(8, 51) = 17726.60179492644
distance(8, 52) = 18041.079544142518
distance(8, 53) = 18396.725541541073
distance(8, 54) = 18769.16297403745
distance(8, 55) = 19166.90503154581
distance(8, 56) = 19667.018370171852
distance(8, 57) = 20109.002848030832
distance(8, 58) = 20479.144189535116
distance(8, 59) = 20944.753252171256
distance(8, 60) = 21412.415488183102
distance(8, 61) = 21737.74064420009
distance(8, 62) = 21900.887837320748
distance(8, 63) = 21714.03841893603
distance(8, 64) = 21607.920103854507
distance(8, 65) = 21646.78620636446
distance(9, 10) = 337.15015854477696
distance(9, 11) = 417.7316221404998
distance(9, 12) = 855.1030120662475
distance(9, 13) = 1431.2177096585108
distance(9, 14) = 1949.9295612305382
distance(9, 15) = 2200.90315475241
distance(9, 16) = 2353.2768576175818
distance(9, 17) = 2442.944166438677
distance(9, 18) = 2820.5157028786125
distance(9, 19) = 3371.3371285286735
distance(9, 20) = 3899.726149524893
distance(9, 21) = 4395.6324339573575
distance(9, 22) = 4601.537417731663
distance(9, 23) = 4897.589359656288
distance(9, 24) = 5447.117566005759
distance(9, 25) = 6032.1360135975865
distance(9, 26) = 6468.36205100087
distance(9, 27) = 6916.441576754495
distance(9, 28) = 7442.097989465406
distance(9, 29) = 8017.586490351699
distance(9, 30) = 8451.06234414581
distance(9, 31) = 8935.0917531212
distance(9, 32) = 9490.590770657367
distance(9, 33) = 9925.968669187872
distance(9, 34) = 10020.775840026141
distance(9, 35) = 10542.17257017673
distance(9, 36) = 10949.135153022626
distance(9, 37) = 11325.178664703428
distance(9, 38) = 11847.295586364802
distance(9, 39) = 11944.153126307763
distance(9, 40) = 12401.458631874417
distance(9, 41) = 12928.399540737506
distance(9, 42) = 13281.68498664609
distance(9, 43) = 13797.051172055904
distance(9, 44) = 14224.470847014012
distance(9, 45) = 14706.314506734669
distance(9, 46) = 15239.829710811777
distance(9, 47) = 15756.502350937913
distance(9, 48) = 16167.989446088004
distance(9, 49) = 16608.28429525494
distance(9, 50) = 17103.689171657858
distance(9, 51) = 17506.35936605313
distance(9, 52) = 17824.51008804776
distance(9, 53) = 18180.776909975637
distance(9, 54) = 18553.86271816465
distance(9, 55) = 18952.139407399507
distance(9, 56) = 19452.245632182836
distance(9, 57) = 19894.15220289393
distance(9, 58) = 20263.999085218944
distance(9, 59) = 20729.319081091122
distance(9, 60) = 21196.811902511196
distance(9, 61) = 21522.76434287782
distance(9, 62) = 21686.518449685165
distance(9, 63) = 21500.63035898683
distance(9, 64) = 21395.527418343267
distance(9, 65) = 21436.05849072653
distance(10, 11) = 79.86972015574906
distance(10, 12) = 517.9713133657511
distance(10, 13) = 1095.140126947529
distance(10, 14) = 1622.5125739781556
distance(10, 15) = 1878.3023546800052
distance(10, 16) = 2033.9143824789535
distance(10, 17) = 2125.5898896891854
distance(10, 18) = 2510.3006166763093
distance(10, 19) = 3061.52331104476
distance(10, 20) = 3583.6988452365854
distance(10, 21) = 4075.747477136366
distance(10, 22) = 4282.825756615185
distance(10, 23) = 4577.745678371032
distance(10, 24) = 5125.734940891581
distance(10, 25) = 5714.2749995663025
distance(10, 26) = 6145.130348621201
distance(10, 27) = 6591.308864237471
distance(10, 28) = 7114.014321606391
distance(10, 29) = 7688.155910406546
distance(10, 30) = 8120.607997584868
distance(10, 31) = 8603.591656747754
distance(10, 32) = 9160.183923683679
distance(10, 33) = 9595.598640462522
distance(10, 34) = 9690.482779525504
distance(10, 35) = 10210.21041969248
distance(10, 36) = 10616.30520240307
distance(10, 37) = 10991.557559261902
distance(10, 38) = 11513.099196384563
distance(10, 39) = 11609.921103757779
distance(10, 40) = 12068.316200835596
distance(10, 41) = 12594.08317239654
distance(10, 42) = 12948.548791900383
distance(10, 43) = 13463.282704946048
distance(10, 44) = 13890.469085898472
distance(10, 45) = 14373.254683211777
distance(10, 46) = 14907.100579354978
distance(10, 47) = 15422.705335086013
distance(10, 48) = 15833.728455785787
distance(10, 49) = 16273.058749548129
distance(10, 50) = 16767.941910034373
distance(10, 51) = 17169.54901912491
distance(10, 52) = 17486.29819435745
distance(10, 53) = 17843.228424082958
distance(10, 54) = 18217.31628162093
distance(10, 55) = 18616.42139188036
distance(10, 56) = 19116.512978433973
distance(10, 57) = 19558.29548145809
distance(10, 58) = 19927.683154669954
distance(10, 59) = 20392.553246053667
distance(10, 60) = 20859.782319887956
distance(10, 61) = 21186.703161129906
distance(10, 62) = 21351.398046329028
distance(10, 63) = 21167.00804651218
distance(10, 64) = 21063.492095584606
distance(10, 65) = 21106.63093809714
distance(11, 12) = 426.77672417699716
distance(11, 13) = 1003.972346638529
distance(11, 14) = 1532.2791531396103
distance(11, 15) = 1788.799577749976
distance(11, 16) = 1944.9456238687092
distance(11, 17) = 2036.9653210487315
distance(11, 18) = 2422.932952286719
distance(11, 19) = 2973.4137986541446
distance(11, 20) = 3495.020762521403
distance(11, 21) = 3986.372636803293
distance(11, 22) = 4193.6266705057515
distance(11, 23) = 4488.344855437542
distance(11, 24) = 5036.068335011571
distance(11, 25) = 5625.13629606354
distance(11, 26) = 6055.1601981834065
distance(11, 27) = 6501.068935029278
distance(11, 28) = 7023.402426386194
distance(11, 29) = 7597.392077081444
distance(11, 30) = 8029.739908249275
distance(11, 31) = 8512.627957787043
distance(11, 32) = 9069.315354817427
distance(11, 33) = 9504.73176822168
distance(11, 34) = 9599.62279653965
distance(11, 35) = 10119.204554773796
distance(11, 36) = 10525.235705311869
distance(11, 37) = 10900.438992489988
distance(11, 38) = 11421.950836498158
distance(11, 39) = 11518.771036638473
distance(11, 40) = 11977.22451216673
distance(11, 41) = 12502.928655906577
distance(11, 42) = 12857.45652625559
distance(11, 43) = 13372.153895427919
distance(11, 44) = 13799.328237907126
distance(11, 45) = 14282.16583086089
distance(11, 46) = 14816.032561631102
distance(11, 47) = 15331.573812747312
distance(11, 48) = 15742.574701040763
distance(11, 49) = 16181.871486278393
distance(11, 50) = 16676.744676031198
distance(11, 51) = 17078.353847180337
distance(11, 52) = 17396.875812344908
distance(11, 53) = 17757.333035318286
distance(11, 54) = 18135.348362888577
distance(11, 55) = 18536.545771932288
distance(11, 56) = 19036.63172570354
distance(11, 57) = 19478.314150462556
distance(11, 58) = 19846.44855498176
distance(11, 59) = 20309.638203383704
distance(11, 60) = 20775.828677408394
distance(11, 61) = 21106.275913171958
distance(11, 62) = 21271.490513665685
distance(11, 63) = 21087.035565725022
distance(11, 64) = 20983.499915627657
distance(11, 65) = 21026.682596112794
distance(12, 13) = 577.7275795846459
distance(12, 14) = 1113.2599226403947
distance(12, 15) = 1374.337919532663
distance(12, 16) = 1533.654139774473
distance(12, 17) = 1627.6700019227478
distance(12, 18) = 2020.4944117941664
distance(12, 19) = 2563.7343067443426
distance(12, 20) = 3083.4598534404868
distance(12, 21) = 3570.5920444010403
distance(12, 22) = 3778.7582779637414
distance(12, 23) = 4072.2507816276852
distance(12, 24) = 4618.3664232431465
distance(12, 25) = 5209.922301891908
distance(12, 26) = 5635.638982869441
distance(12, 27) = 6080.027466978659
distance(12, 28) = 6600.272776592436
distance(12, 29) = 7173.391198773116
distance(12, 30) = 7605.137829037385
distance(12, 31) = 8087.467437749259
distance(12, 32) = 8644.694265717511
distance(12, 33) = 9080.114571018683
distance(12, 34) = 9175.043346580542
distance(12, 35) = 9693.690637905242
distance(12, 36) = 10098.006711182452
distance(12, 37) = 10470.261858927708
distance(12, 38) = 10989.362562130787
distance(12, 39) = 11086.01136911784
distance(12, 40) = 11548.477379427752
distance(12, 41) = 12069.544693361735
distance(12, 42) = 12428.468391045359
distance(12, 43) = 12940.656139663166
distance(12, 44) = 13366.838544915374
distance(12, 45) = 13853.102484687528
distance(12, 46) = 14388.059877702583
distance(12, 47) = 14899.547594534346
distance(12, 48) = 15308.70511304532
distance(12, 49) = 15744.12693071015
distance(12, 50) = 16236.78953610462
distance(12, 51) = 16633.761146890396
distance(12, 52) = 16948.304026369606
distance(12, 53) = 17304.410511841124
distance(12, 54) = 17677.831748561064
distance(12, 55) = 18076.609831488106
distance(12, 56) = 18576.70627431628
distance(12, 57) = 19018.528310469494
distance(12, 58) = 19388.09192187372
distance(12, 59) = 19853.18746405984
distance(12, 60) = 20320.577091798266
distance(12, 61) = 20647.009311251488
distance(12, 62) = 20811.44514985141
distance(12, 63) = 20626.952213996712
distance(12, 64) = 20523.626862750145
distance(12, 65) = 20567.543690243445
distance(13, 14) = 549.5533273504311
distance(13, 15) = 817.2068833168876
distance(13, 16) = 981.0132570805613
distance(13, 17) = 1077.8274586860607
distance(13, 18) = 1479.0522479939273
distance(13, 19) = 2006.2335516211983
distance(13, 20) = 2522.047937907228
distance(13, 21) = 3002.7709442878354
distance(13, 22) = 3211.909010940362
distance(13, 23) = 3503.5471262691285
distance(13, 24) = 4045.317896032985
distance(13, 25) = 4634.702270265338
distance(13, 26) = 5053.916565479315
distance(13, 27) = 5491.739809293359
distance(13, 28) = 6002.5581186628715
distance(13, 29) = 6571.132291887133
distance(13, 30) = 6999.559536910004
distance(13, 31) = 7478.559004866806
distance(13, 32) = 8037.191117917425
distance(13, 33) = 8473.83637941157
distance(13, 34) = 8568.92915205906
distance(13, 35) = 9082.792885191515
distance(13, 36) = 9485.873668447004
distance(13, 37) = 9858.440910769428
distance(13, 38) = 10378.011072489457
distance(13, 39) = 10474.698315737733
distance(13, 40) = 10936.461162806423
distance(13, 41) = 11458.397990613832
distance(13, 42) = 11816.517822911044
distance(13, 43) = 12329.160667433742
distance(13, 44) = 12755.54917741934
distance(13, 45) = 13241.201451430408
distance(13, 46) = 13775.998263067335
distance(13, 47) = 14288.205017111193
distance(13, 48) = 14697.754721534353
distance(13, 49) = 15134.123440251216
distance(13, 50) = 15627.416246925122
distance(13, 51) = 16025.909985137905
distance(13, 52) = 16342.009877932835
distance(13, 53) = 16700.11483045097
distance(13, 54) = 17076.023077784204
distance(13, 55) = 17476.80270249696
distance(13, 56) = 17976.849292391988
distance(13, 57) = 18418.361131622725
distance(13, 58) = 18786.80761058271
distance(13, 59) = 19250.798935806637
distance(13, 60) = 19717.534358033914
distance(13, 61) = 20046.313447192904
distance(13, 62) = 20212.983433636724
distance(13, 63) = 20031.994878035897
distance(13, 64) = 19932.318072035225
distance(13, 65) = 19982.12041091781
distance(14, 15) = 268.58119156271965
distance(14, 16) = 433.4121181252325
distance(14, 17) = 530.9855170880094
distance(14, 18) = 934.1124973254557
distance(14, 19) = 1454.0948377706247
distance(14, 20) = 1962.3182409473711
distance(14, 21) = 2428.82272981176
distance(14, 22) = 2639.1731896989413
distance(14, 23) = 2927.0918443624923
distance(14, 24) = 3466.3750407862567
distance(14, 25) = 4056.54275494675
distance(14, 26) = 4476.697913332465
distance(14, 27) = 4916.55986003168
distance(14, 28) = 5431.329400325181
distance(14, 29) = 6002.38019373927
distance(14, 30) = 6432.8609217761
distance(14, 31) = 6914.160715948093
distance(14, 32) = 7472.292264087253
distance(14, 33) = 7907.708292892455
distance(14, 34) = 8002.701191061773
distance(14, 35) = 8520.026691135981
distance(14, 36) = 8925.188636427507
distance(14, 37) = 9299.817404719128
distance(14, 38) = 9821.054271796002
distance(14, 39) = 9917.861386612472
distance(14, 40) = 10376.889213089542
distance(14, 41) = 10901.985855710536
distance(14, 42) = 11257.10659529119
distance(14, 43) = 11771.418875115429
distance(14, 44) = 12198.486044961091
distance(14, 45) = 12681.84386685181
distance(14, 46) = 13215.950069249639
distance(14, 47) = 13730.808402623497
distance(14, 48) = 14141.633459474377
distance(14, 49) = 14580.843516325513
distance(14, 50) = 15075.84964923823
distance(14, 51) = 15478.214600892872
distance(14, 52) = 15797.942842736053
distance(14, 53) = 16160.37397954937
distance(14, 54) = 16541.309172875834
distance(14, 55) = 16945.906161027884
distance(14, 56) = 17445.789315837446
distance(14, 57) = 17886.654871236497
distance(14, 58) = 18252.90830524445
distance(14, 59) = 18714.676670534296
distance(14, 60) = 19180.053382794602
distance(14, 61) = 19513.4127060061
distance(14, 62) = 19684.25348221756
distance(14, 63) = 19509.56192741622
distance(14, 64) = 19416.143187808488
distance(14, 65) = 19475.551361619175
distance(15, 16) = 153.74683753659548
distance(15, 17) = 250.20719949850695
distance(15, 18) = 651.796100179572
distance(15, 19) = 1148.024751890411
distance(15, 20) = 1649.5981863541954
distance(15, 21) = 2117.750064152238
distance(15, 22) = 2327.8973314782934
distance(15, 23) = 2616.8413572303793
distance(15, 24) = 3157.8795874000893
distance(15, 25) = 3749.4853899893037
distance(15, 26) = 4170.718138447829
distance(15, 27) = 4612.697082501222
distance(15, 28) = 5131.153377125618
distance(15, 29) = 5704.2579961787305
distance(15, 30) = 6136.38269365987
distance(15, 31) = 6619.466474035863
distance(15, 32) = 7175.957930040754
distance(15, 33) = 7611.374673323242
distance(15, 34) = 7706.268293798642
distance(15, 35) = 8226.29077062416
distance(15, 36) = 8633.010955154285
distance(15, 37) = 9009.160565071243
distance(15, 38) = 9531.570693899603
distance(15, 39) = 9628.451521493978
distance(15, 40) = 10085.334478456456
distance(15, 41) = 10612.740840666856
distance(15, 42) = 10965.559359558658
distance(15, 43) = 11481.067681746015
distance(15, 44) = 11908.592542867264
distance(15, 45) = 12390.185327887342
distance(15, 46) = 12923.724167813334
distance(15, 47) = 13440.517607509726
distance(15, 48) = 13852.247322619267
distance(15, 49) = 14293.48895488567
distance(15, 50) = 14789.685567137803
distance(15, 51) = 15194.767280193193
distance(15, 52) = 15517.009685018083
distance(15, 53) = 15882.400233720215
distance(15, 54) = 16266.731328422335
distance(15, 55) = 16673.86574126745
distance(15, 56) = 17173.588265167262
distance(15, 57) = 17613.97733395582
distance(15, 58) = 17978.721158115808
distance(15, 59) = 18438.948857351184
distance(15, 60) = 18903.369121895204
distance(15, 61) = 19239.79612740099
distance(15, 62) = 19413.41241363341
distance(15, 63) = 19242.905725628854
distance(15, 64) = 19153.599004986692
distance(15, 65) = 19219.229964010956
distance(16, 17) = 94.96993288601644
distance(16, 18) = 498.0267310544829
distance(16, 19) = 993.9097776193275
distance(16, 20) = 1495.4965350299724
distance(16, 21) = 1965.576208353828
distance(16, 22) = 2175.5103535824655
distance(16, 23) = 2465.286922153577
distance(16, 24) = 3007.594854478861
distance(16, 25) = 3599.8188300019733
distance(16, 26) = 4022.064631700636
distance(16, 27) = 4465.39653961661
distance(16, 28) = 4986.146007962969
distance(16, 29) = 5560.452492440559
distance(16, 30) = 5993.53006093051
distance(16, 31) = 6477.635656924499
distance(16, 32) = 7033.074780609207
distance(16, 33) = 7468.463542464192
distance(16, 34) = 7563.29008435625
distance(16, 35) = 8084.8798868956965
distance(16, 36) = 8492.487684555479
distance(16, 37) = 8869.49940074929
distance(16, 38) = 9392.554775641946
distance(16, 39) = 9489.471754555665
distance(16, 40) = 9945.080951922157
distance(16, 41) = 10473.796208641688
distance(16, 42) = 10825.264666390676
distance(16, 43) = 11341.44112083489
distance(16, 44) = 11769.210892935062
distance(16, 45) = 12249.766484300582
distance(16, 46) = 12782.958667484925
distance(16, 47) = 13300.849805023276
distance(16, 48) = 13713.084468670439
distance(16, 49) = 14155.470253088557
distance(16, 50) = 14652.326382379679
distance(16, 51) = 15058.928312352346
distance(16, 52) = 15382.570358555537
distance(16, 53) = 15749.599200531975
distance(16, 54) = 16135.79999955621
distance(16, 55) = 16544.319973276062
distance(16, 56) = 17043.936653693643
distance(16, 57) = 17484.049021486684
distance(16, 58) = 17847.94998790923
distance(16, 59) = 18307.31443028781
distance(16, 60) = 18771.194023941072
distance(16, 61) = 19109.304276288683
distance(16, 62) = 19284.439940168417
distance(16, 63) = 19116.22578068994
distance(16, 64) = 19029.159277304996
distance(16, 65) = 19098.156201274982
distance(17, 18) = 403.3212607161457
distance(17, 19) = 902.0019718344756
distance(17, 20) = 1410.5037705916475
distance(17, 21) = 1888.4417661562914
distance(17, 22) = 2097.5243314403974
distance(17, 23) = 2389.529836214166
distance(17, 24) = 2934.7074014779955
distance(17, 25) = 3526.7687261079222
distance(17, 26) = 3952.299890956507
distance(17, 27) = 4398.123221002288
distance(17, 28) = 4922.780018253818
distance(17, 29) = 5498.925634904931
distance(17, 30) = 5933.4200185061645
distance(17, 31) = 6419.001379164986
distance(17, 32) = 6972.754941865923
distance(17, 33) = 7408.0459580312045
distance(17, 34) = 7502.757710804051
distance(17, 35) = 8026.661057920639
distance(17, 36) = 8435.524624543405
distance(17, 37) = 8813.732471814144
distance(17, 38) = 9337.647212438316
distance(17, 39) = 9434.606468509242
distance(17, 40) = 9888.383554721511
distance(17, 41) = 10418.90653689235
distance(17, 42) = 10768.45011821087
distance(17, 43) = 11285.54474381411
distance(17, 44) = 11713.634978320637
distance(17, 45) = 12192.69787057957
distance(17, 46) = 12725.367210834536
distance(17, 47) = 13244.801329491618
distance(17, 48) = 13657.72561584006
distance(17, 49) = 14101.665194414512
distance(17, 50) = 14599.391365780604
distance(17, 51) = 15007.983136529896
distance(17, 52) = 15333.41080489814
distance(17, 53) = 15702.477619048343
distance(17, 54) = 16090.943326088256
distance(17, 55) = 16501.099126329143
distance(17, 56) = 17000.575022657064
distance(17, 57) = 17440.34693045677
distance(17, 58) = 17803.233313643916
distance(17, 59) = 18261.544820628988
distance(17, 60) = 18724.7545042758
distance(17, 61) = 19064.888996221678
distance(17, 62) = 19241.814791817316
distance(17, 63) = 19076.247322661024
distance(17, 64) = 18991.697209734724
distance(17, 65) = 19064.35751327535
distance(18, 19) = 497.76942417647626
distance(18, 20) = 1010.0775953529376
distance(18, 21) = 1497.0613576508783
distance(18, 22) = 1704.3493889032798
distance(18, 23) = 1999.0717674056266
distance(18, 24) = 2547.8339940301144
distance(18, 25) = 3135.91285101189
distance(18, 26) = 3569.359458131805
distance(18, 27) = 4019.07205162637
distance(18, 28) = 4550.4395041320095
distance(18, 29) = 5129.665202288362
distance(18, 30) = 5566.637116469244
distance(18, 31) = 6054.86197786427
distance(18, 32) = 6604.986264297797
distance(18, 33) = 7039.898919660996
distance(18, 34) = 7134.351128245585
distance(18, 35) = 7662.594734247992
distance(18, 36) = 8073.837555645316
distance(18, 37) = 8454.361886725694
distance(18, 38) = 8979.886728104833
distance(18, 39) = 9076.904007300167
distance(18, 40) = 9526.792600578918
distance(18, 41) = 10060.881265703552
distance(18, 42) = 10406.414595742977
distance(18, 43) = 10924.535063667434
distance(18, 44) = 11353.916245877259
distance(18, 45) = 11829.884519226533
distance(18, 46) = 12361.434354644714
distance(18, 47) = 12883.869049406054
distance(18, 48) = 13298.131477649136
distance(18, 49) = 13745.205568037876
distance(18, 50) = 14244.682715207298
distance(18, 51) = 14657.456159671303
distance(18, 52) = 14986.731848010413
distance(18, 53) = 15360.291519535633
distance(18, 54) = 15753.875381485748
distance(18, 55) = 16167.787060323732
distance(18, 56) = 16666.864786950442
distance(18, 57) = 17105.78398367318
distance(18, 58) = 17466.270987912838
distance(18, 59) = 17922.11525034555
distance(18, 60) = 18383.755554486386
distance(18, 61) = 18728.487349112067
distance(18, 62) = 18909.57443481807
distance(18, 63) = 18750.345958548103
distance(18, 64) = 18671.96872795976
distance(18, 65) = 18753.84806798116
distance(19, 20) = 522.4533480175725
distance(19, 21) = 1025.2645214019108
distance(19, 22) = 1226.955842991002
distance(19, 23) = 1524.8744425032812
distance(19, 24) = 2075.819996114252
distance(19, 25) = 2655.2252800673045
distance(19, 26) = 3101.7837773401047
distance(19, 27) = 3556.263942898234
distance(19, 28) = 4096.213474053881
distance(19, 29) = 4678.752719118209
distance(19, 30) = 5118.485911733023
distance(19, 31) = 5609.660088322848
distance(19, 32) = 6154.285093005233
distance(19, 33) = 6588.305305860059
distance(19, 34) = 6682.336011664205
distance(19, 35) = 7215.904970811234
distance(19, 36) = 7629.968895157069
distance(19, 37) = 8013.2552944739555
distance(19, 38) = 8540.530109503232
distance(19, 39) = 8637.562134488482
distance(19, 40) = 9082.16192806715
distance(19, 41) = 9620.265702808108
distance(19, 42) = 9960.802197681945
distance(19, 43) = 10477.534069830743
distance(19, 44) = 10910.890021108842
distance(19, 45) = 11382.758320670033
distance(19, 46) = 11912.730127426965
distance(19, 47) = 12438.811811957681
distance(19, 48) = 12854.650246777961
distance(19, 49) = 13305.556102550081
distance(19, 50) = 13807.10682083379
distance(19, 51) = 14225.032302374435
distance(19, 52) = 14559.058197889746
distance(19, 53) = 14938.162640791235
distance(19, 54) = 15338.066316670625
distance(19, 55) = 15756.577253521471
distance(19, 56) = 16255.02185455806
distance(19, 57) = 16692.76312693319
distance(19, 58) = 17050.165174777107
distance(19, 59) = 17502.829858847992
distance(19, 60) = 17962.42118879531
distance(19, 61) = 18312.815141896466
distance(19, 62) = 18499.052300688825
distance(19, 63) = 18347.763761575192
distance(19, 64) = 18277.11053463132
distance(19, 65) = 18370.484585039787
distance(20, 21) = 506.9776806009766
distance(20, 22) = 706.0046100924664
distance(20, 23) = 1004.5299327226145
distance(20, 24) = 1554.0260176270108
distance(20, 25) = 2131.8271999526446
distance(20, 26) = 2582.119120920844
distance(20, 27) = 3038.185021647286
distance(20, 28) = 3581.710154126516
distance(20, 29) = 4165.480267772065
distance(20, 30) = 4606.34354438871
distance(20, 31) = 5098.77156919745
distance(20, 32) = 5640.335049740929
distance(20, 33) = 6073.77837154194
distance(20, 34) = 6167.584012855421
distance(20, 35) = 6703.53915960646
distance(20, 36) = 7118.894678477258
distance(20, 37) = 7503.495129678584
distance(20, 38) = 8031.536993658528
distance(20, 39) = 8128.548938869844
distance(20, 40) = 8570.325040250695
distance(20, 41) = 9108.940971974522
distance(20, 42) = 9448.320172573896
distance(20, 43) = 9964.2742165049
distance(20, 44) = 10399.514156151752
distance(20, 45) = 10869.36033347868
distance(20, 46) = 11398.555681018499
distance(20, 47) = 11926.259953589817
distance(20, 48) = 12342.804853952002
distance(20, 49) = 12795.547867943933
distance(20, 50) = 13298.09690337429
distance(20, 51) = 13718.688748331526
distance(20, 52) = 14055.288911157157
distance(20, 53) = 14437.519059551694
distance(20, 54) = 14841.130539582751
distance(20, 55) = 15262.404948176512
distance(20, 56) = 15760.381943082724
distance(20, 57) = 16197.336625722115
distance(20, 58) = 16552.818656107287
distance(20, 59) = 17003.539124899547
distance(20, 60) = 17461.88639319713
distance(20, 61) = 17815.58703517953
distance(20, 62) = 18004.9420390703
distance(20, 63) = 17858.68021941765
distance(20, 64) = 17793.089210224338
distance(20, 65) = 17894.254435553077
distance(21, 22) = 192.9429350440428
distance(21, 23) = 497.3966957121948
distance(21, 24) = 1032.947138408629
distance(21, 25) = 1610.077734551675
distance(21, 26) = 2074.848416929185
distance(21, 27) = 2530.9969633183036
distance(21, 28) = 3072.7256630796733
distance(21, 29) = 3656.242049904356
distance(21, 30) = 4096.961033031662
distance(21, 31) = 4589.312608282831
distance(21, 32) = 5131.281298445137
distance(21, 33) = 5564.8873042241
distance(21, 34) = 5658.762832136814
distance(21, 35) = 6194.215952021979
distance(21, 36) = 6609.457037585251
distance(21, 37) = 6994.026024640014
distance(21, 38) = 7522.082370627714
distance(21, 39) = 7619.093277940307
distance(21, 40) = 8060.957280709592
distance(21, 41) = 8599.579320025092
distance(21, 42) = 8939.037634460572
distance(21, 43) = 9455.12664499601
distance(21, 44) = 9890.112988323019
distance(21, 45) = 10360.246512642583
distance(21, 46) = 10889.627538937377
distance(21, 47) = 11417.001236101489
distance(21, 48) = 11833.455752498105
distance(21, 49) = 12286.083246994747
distance(21, 50) = 12788.632609624316
distance(21, 51) = 13209.402181848658
distance(21, 52) = 13546.373592182836
distance(21, 53) = 13929.261279043681
distance(21, 54) = 14333.886418456135
distance(21, 55) = 14756.046495387645
distance(21, 56) = 15253.851977365584
distance(21, 57) = 15690.537158881107
distance(21, 58) = 16045.417185082977
distance(21, 59) = 16495.587252951438
distance(21, 60) = 16953.615869777135
distance(21, 61) = 17308.20010601807
distance(21, 62) = 17498.541079706145
distance(21, 63) = 17354.13210784029
distance(21, 64) = 17290.6651483056
distance(21, 65) = 17395.490829273585
distance(22, 23) = 298.6626588119952
distance(22, 24) = 839.9954106657602
distance(22, 25) = 1417.1331842827685
distance(22, 26) = 1876.20026470607
distance(22, 27) = 2332.9204479566665
distance(22, 28) = 2879.0204802683575
distance(22, 29) = 3463.6415981794003
distance(22, 30) = 3905.3639363904927
distance(22, 31) = 4398.77642317538
distance(22, 32) = 4937.50675124269
distance(22, 33) = 5370.436794182936
distance(22, 34) = 5464.063742414157
distance(22, 35) = 6001.818620308099
distance(22, 36) = 6418.203671972055
distance(22, 37) = 6803.897309735596
distance(22, 38) = 7332.537322937004
distance(22, 39) = 7429.514261792011
distance(22, 40) = 7868.795475162734
distance(22, 41) = 8407.198812236957
distance(22, 42) = 8746.199410291329
distance(22, 43) = 9261.529379625037
distance(22, 44) = 9698.197896832575
distance(22, 45) = 10166.46690276346
distance(22, 46) = 10695.09435210461
distance(22, 47) = 11223.940862720156
distance(22, 48) = 11641.00388368473
distance(22, 49) = 12095.191837162387
distance(22, 50) = 12598.546293953272
distance(22, 51) = 13021.44258114648
distance(22, 52) = 13360.386769730048
distance(22, 53) = 13745.582801463792
distance(22, 54) = 14152.84868577547
distance(22, 55) = 14576.90580211007
distance(22, 56) = 15074.339967966243
distance(22, 57) = 15510.440464218162
distance(22, 58) = 15863.946316412726
distance(22, 59) = 16312.702234768021
distance(22, 60) = 16769.806734139172
distance(22, 61) = 17126.726341934143
distance(22, 62) = 17319.21548074665
distance(22, 63) = 17178.202483606572
distance(22, 64) = 17118.05062209546
distance(22, 65) = 17227.801301322485
distance(23, 24) = 523.2263894902188
distance(23, 25) = 1100.3588527620102
distance(23, 26) = 1573.7190723393628
distance(23, 27) = 2033.362922476045
distance(23, 28) = 2581.220630595396
distance(23, 29) = 3166.1053355693202
distance(23, 30) = 3608.1142145559875
distance(23, 31) = 4101.859643562372
distance(23, 32) = 4639.520749620435
distance(23, 33) = 5072.273945343764
distance(23, 34) = 5165.844446656961
distance(23, 35) = 5704.169388008659
distance(23, 36) = 6120.8987224815955
distance(23, 37) = 6506.969354227559
distance(23, 38) = 7035.804785565002
distance(23, 39) = 7132.764989544052
distance(23, 40) = 7571.160833196618
distance(23, 41) = 8109.482083018091
distance(23, 42) = 8448.358121813137
distance(23, 43) = 8963.489540958055
distance(23, 44) = 9400.602188124589
distance(23, 45) = 9868.37531126848
distance(23, 46) = 10396.838709343123
distance(23, 47) = 10926.012582683034
distance(23, 48) = 11343.231924074851
distance(23, 49) = 11797.8819457335
distance(23, 50) = 12301.500602603961
distance(23, 51) = 12725.191377431624
distance(23, 52) = 13064.974106039866
distance(23, 53) = 13451.259780122371
distance(23, 54) = 13859.899071187358
distance(23, 55) = 14285.013362459
distance(23, 56) = 14782.221672054317
distance(23, 57) = 15217.981210719736
distance(23, 58) = 15570.725423051306
distance(23, 59) = 16018.733002498224
distance(23, 60) = 16475.367715436634
distance(23, 61) = 16833.482105347844
distance(23, 62) = 17027.156899393394
distance(23, 63) = 16888.17507722932
distance(23, 64) = 16830.160821538255
distance(23, 65) = 16943.32731279318
distance(24, 25) = 576.5296992372391
distance(24, 26) = 1024.8456306027178
distance(24, 27) = 1481.9269853499165
distance(24, 28) = 2031.5653445032588
distance(24, 29) = 2617.0037132922785
distance(24, 30) = 3059.662500011308
distance(24, 31) = 3553.972995181527
distance(24, 32) = 4088.9273742703917
distance(24, 33) = 4521.173998010884
distance(24, 34) = 4614.586026738469
distance(24, 35) = 5154.178287505681
distance(24, 36) = 5571.904631964544
distance(24, 37) = 5958.847104461545
distance(24, 38) = 6488.095758766508
distance(24, 39) = 6585.008525111699
distance(24, 40) = 7021.279666105719
distance(24, 41) = 7559.382455564212
distance(24, 42) = 7897.9469278255265
distance(24, 43) = 8412.580900590518
distance(24, 44) = 8850.751300210619
distance(24, 45) = 9317.323899630392
distance(24, 46) = 9845.371060635993
distance(24, 47) = 10375.342203068658
distance(24, 48) = 10792.925763234532
distance(24, 49) = 11248.63447053159
distance(24, 50) = 11752.839126148569
distance(24, 51) = 12178.27894208938
distance(24, 52) = 12519.872493452787
distance(24, 53) = 12908.475596857788
distance(24, 54) = 13319.997982799603
distance(24, 55) = 13747.301429173385
distance(24, 56) = 14244.0093771442
distance(24, 57) = 14679.034896466123
distance(24, 58) = 15030.172019924807
distance(24, 59) = 15476.593810304483
distance(24, 60) = 15932.225907417293
distance(24, 61) = 16292.830917012272
distance(24, 62) = 16488.959945329563
distance(24, 63) = 16354.169944983783
distance(24, 64) = 16300.53347128446
distance(24, 65) = 16420.63349536763
distance(25, 26) = 426.41847717837
distance(25, 27) = 885.6362191337078
distance(25, 28) = 1440.5968502790952
distance(25, 29) = 2026.5726548441544
distance(25, 30) = 2470.409934722001
distance(25, 31) = 2962.9000458901382
distance(25, 32) = 3495.187869975935
distance(25, 33) = 3926.4290887478037
distance(25, 34) = 4019.541924946896
distance(25, 35) = 4560.17001879025
distance(25, 36) = 4980.404720801281
distance(25, 37) = 5368.598356939406
distance(25, 38) = 5898.343196601734
distance(25, 39) = 5995.163660145989
distance(25, 40) = 6428.153519500649
distance(25, 41) = 6965.864322409627
distance(25, 42) = 7303.921266238193
distance(25, 43) = 7817.749764603963
distance(25, 44) = 8257.503228943795
distance(25, 45) = 8722.226896248125
distance(25, 46) = 9249.599508072219
distance(25, 47) = 9780.786584618545
distance(25, 48) = 10198.897166691297
distance(25, 49) = 10656.120668531305
distance(25, 50) = 11161.128334488027
distance(25, 51) = 11588.96025221857
distance(25, 52) = 11932.973390826752
distance(25, 53) = 12324.613697438786
distance(25, 54) = 12739.851528022997
distance(25, 55) = 13169.922834480769
distance(25, 56) = 13665.932566312222
distance(25, 57) = 14099.973508561057
distance(25, 58) = 14449.017825158997
distance(25, 59) = 14893.362607977017
distance(25, 60) = 15347.668308376213
distance(25, 61) = 15711.454402232774
distance(25, 62) = 15910.690406544778
distance(25, 63) = 15781.19051148077
distance(25, 64) = 15733.020566779234
distance(25, 65) = 15861.66998192786
distance(26, 27) = 462.21692840428227
distance(26, 28) = 1018.2410644593717
distance(26, 29) = 1604.6080187552243
distance(26, 30) = 2051.1832313366403
distance(26, 31) = 2540.204317936385
distance(26, 32) = 3071.7446529148665
distance(26, 33) = 3501.690613033587
distance(26, 34) = 3594.1543112759223
distance(26, 35) = 4132.251033306767
distance(26, 36) = 4558.301501588674
distance(26, 37) = 4947.33655605389
distance(26, 38) = 5477.346199442778
distance(26, 39) = 5574.061592243462
distance(26, 40) = 6004.718948376697
distance(26, 41) = 6541.9965119323215
distance(26, 42) = 6879.118234050187
distance(26, 43) = 7390.287485706749
distance(26, 44) = 7833.791908017007
distance(26, 45) = 8293.317929822158
distance(26, 46) = 8817.842749871757
distance(26, 47) = 9353.411204601838
distance(26, 48) = 9773.166662084626
distance(26, 49) = 10232.877193275557
distance(26, 50) = 10738.388256798255
distance(26, 51) = 11167.7792147206
distance(26, 52) = 11513.400676359357
distance(26, 53) = 11907.087309481683
distance(26, 54) = 12324.857681939293
distance(26, 55) = 12756.817982118173
distance(26, 56) = 13252.304677917413
distance(26, 57) = 13685.635220070148
distance(26, 58) = 14033.221217548835
distance(26, 59) = 14476.130045778686
distance(26, 60) = 14929.52205601088
distance(26, 61) = 15295.443731169129
distance(26, 62) = 15496.791272101535
distance(26, 63) = 15370.949026975328
distance(26, 64) = 15326.593240217744
distance(26, 65) = 15461.242813643126
distance(27, 28) = 540.5427070965341
distance(27, 29) = 1127.005642130619
distance(27, 30) = 1580.0702704281382
distance(27, 31) = 2065.77723899809
distance(27, 32) = 2594.4083087951776
distance(27, 33) = 3020.8576323493967
distance(27, 34) = 3112.7018973085774
distance(27, 35) = 3650.3317922133456
distance(27, 36) = 4083.3288630164143
distance(27, 37) = 4474.493236962899
distance(27, 38) = 5004.812596600488
distance(27, 39) = 5098.024595580813
distance(27, 40) = 5524.542219682624
distance(27, 41) = 6060.730431693099
distance(27, 42) = 6397.116261043334
distance(27, 43) = 6908.33173435099
distance(27, 44) = 7352.443653600749
distance(27, 45) = 7811.706604448421
distance(27, 46) = 8336.905638042455
distance(27, 47) = 8871.547690424853
distance(27, 48) = 9291.026418467101
distance(27, 49) = 9752.18360647631
distance(27, 50) = 10259.116417585088
distance(27, 51) = 10692.738642650573
distance(27, 52) = 11042.374986446031
distance(27, 53) = 11440.8282739856
distance(27, 54) = 11863.691884079679
distance(27, 55) = 12296.548647255378
distance(27, 56) = 12791.81382398528
distance(27, 57) = 13224.863503140934
distance(27, 58) = 13570.45848427811
distance(27, 59) = 14010.129165810766
distance(27, 60) = 14461.388063796485
distance(27, 61) = 14832.03966775058
distance(27, 62) = 15036.163638810569
distance(27, 63) = 14911.911897177564
distance(27, 64) = 14869.522491642841
distance(27, 65) = 15007.702345132224
distance(28, 29) = 585.6626776799633
distance(28, 30) = 1028.8812725675202
distance(28, 31) = 1521.9567597472123
distance(28, 32) = 2053.2813204198155
distance(28, 33) = 2482.103051167025
distance(28, 34) = 2574.355190982163
distance(28, 35) = 3113.9516700199692
distance(28, 36) = 3539.798177507155
distance(28, 37) = 3927.6694926952096
distance(28, 38) = 4457.199969508064
distance(28, 39) = 4554.062566399686
distance(28, 40) = 4985.741863219104
distance(28, 41) = 5522.392292875156
distance(28, 42) = 5859.300042539078
distance(28, 43) = 6371.472477763119
distance(28, 44) = 6814.186630377026
distance(28, 45) = 7275.350821496981
distance(28, 46) = 7801.5800629671885
distance(28, 47) = 8334.729261037535
distance(28, 48) = 8753.732490436869
distance(28, 49) = 9213.752987534452
distance(28, 50) = 9720.055662581317
distance(28, 51) = 10147.752053611895
distance(28, 52) = 10491.411030482095
distance(28, 53) = 10883.612039825552
distance(28, 54) = 11300.599083192008
distance(28, 55) = 11732.518820538804
distance(28, 56) = 12227.9775481108
distance(28, 57) = 12661.319186022693
distance(28, 58) = 13009.11738302331
distance(28, 59) = 13452.525470098843
distance(28, 60) = 13906.41514863019
distance(28, 61) = 14271.39935829412
distance(28, 62) = 14472.462063839357
distance(28, 63) = 14347.2114279867
distance(28, 64) = 14304.536048301396
distance(28, 65) = 14443.353028906275
distance(29, 30) = 443.3972612565061
distance(29, 31) = 935.4986159025002
distance(29, 32) = 1466.6087982474673
distance(29, 33) = 1895.1427950377918
distance(29, 34) = 1987.576489603107
distance(29, 35) = 2527.8831044478006
distance(29, 36) = 2953.6529262947975
distance(29, 37) = 3341.965545182394
distance(29, 38) = 3871.5348851783556
distance(29, 39) = 3968.3985633486095
distance(29, 40) = 4398.716405034842
distance(29, 41) = 4935.482479098393
distance(29, 42) = 5272.5981301522625
distance(29, 43) = 5785.245769107203
distance(29, 44) = 6227.287347578727
distance(29, 45) = 6689.380914310538
distance(29, 46) = 7216.233401794597
distance(29, 47) = 7748.466329537902
distance(29, 48) = 8167.218137184636
distance(29, 49) = 8626.777863754956
distance(29, 50) = 9133.175979290336
distance(29, 51) = 9562.090516012517
distance(29, 52) = 9906.003180099764
distance(29, 53) = 10298.948819816032
distance(29, 54) = 10717.287164268062
distance(29, 55) = 11150.4247795749
distance(29, 56) = 11645.509722804703
distance(29, 57) = 12078.378959159245
distance(29, 58) = 12425.308128062241
distance(29, 59) = 12867.98416965875
distance(29, 60) = 13321.483808067202
distance(29, 61) = 13687.459943171169
distance(29, 62) = 13889.756947986443
distance(29, 63) = 13767.08712925297
distance(29, 64) = 13727.52744587289
distance(29, 65) = 13871.830176958369
distance(30, 31) = 485.3062870523754
distance(30, 32) = 1014.6031271916953
distance(30, 33) = 1443.8272572481278
distance(30, 34) = 1536.8167503290847
distance(30, 35) = 2077.5286949339074
distance(30, 36) = 2503.3202922851156
distance(30, 37) = 2894.2478330323897
distance(30, 38) = 3424.5495387672104
distance(30, 39) = 3518.83344826259
distance(30, 40) = 3946.790937967366
distance(30, 41) = 4483.933305072521
distance(30, 42) = 4821.5136197308175
distance(30, 43) = 5335.021942672314
distance(30, 44) = 5775.71997535497
distance(30, 45) = 6239.524168069345
distance(30, 46) = 6767.282707141479
distance(30, 47) = 7298.0863223254855
distance(30, 48) = 7716.391142362341
distance(30, 49) = 8174.972240501939
distance(30, 50) = 8681.020342997084
distance(30, 51) = 9113.024636531996
distance(30, 52) = 9461.912946809409
distance(30, 53) = 9855.666212125618
distance(30, 54) = 10274.568927070459
distance(30, 55) = 10708.341165288446
distance(30, 56) = 11203.216772394224
distance(30, 57) = 11635.835392409042
distance(30, 58) = 11982.347601796097
distance(30, 59) = 12424.735722863934
distance(30, 60) = 12878.126856511935
distance(30, 61) = 13244.43872180272
distance(30, 62) = 13447.320400850616
distance(30, 63) = 13326.101660173346
distance(30, 64) = 13288.47714585801
distance(30, 65) = 13436.405063171505
distance(31, 32) = 532.2403070726682
distance(31, 33) = 966.0573997574523
distance(31, 34) = 1060.3679579827408
distance(31, 35) = 1597.4843374298623
distance(31, 36) = 2017.4584746481323
distance(31, 37) = 2404.8741092786418
distance(31, 38) = 2934.0275340371877
distance(31, 39) = 3030.96359799031
distance(31, 40) = 3464.9096522531518
distance(31, 41) = 4002.7607033628174
distance(31, 42) = 4341.222030148063
distance(31, 43) = 4856.264147868253
distance(31, 44) = 5294.3041882034695
distance(31, 45) = 5761.252392603235
distance(31, 46) = 6290.483791498179
distance(31, 47) = 6818.740803663505
distance(31, 48) = 7236.200177880393
distance(31, 49) = 7692.887447387284
distance(31, 50) = 8198.179603390747
distance(31, 51) = 8624.165694199719
distance(31, 52) = 8967.270129253124
distance(31, 53) = 9360.195562181736
distance(31, 54) = 9779.524233572292
distance(31, 55) = 10213.893562011523
distance(31, 56) = 10708.561958511249
distance(31, 57) = 11140.942707977118
distance(31, 58) = 11487.09151744747
distance(31, 59) = 11929.280202008764
distance(31, 60) = 12382.640376700849
distance(31, 61) = 12749.133296825683
distance(31, 62) = 12952.518415821867
distance(31, 63) = 12832.732809556877
distance(31, 64) = 12797.144382493943
distance(31, 65) = 12949.01711250422
distance(32, 33) = 435.40808438195546
distance(32, 34) = 530.4030437380244
distance(32, 35) = 1045.9125472248627
distance(32, 36) = 1456.6002692857394
distance(32, 37) = 1841.637242655048
distance(32, 38) = 2370.8778307668176
distance(32, 39) = 2467.7705297428797
distance(32, 40) = 2909.1519024081526
distance(32, 41) = 3446.9595958090504
distance(32, 42) = 3788.539387763407
distance(32, 43) = 4306.638296388801
distance(32, 44) = 4737.5249449669145
distance(32, 45) = 5212.09851148512
distance(32, 46) = 5744.334817943767
distance(32, 47) = 6266.225985048072
distance(32, 48) = 6681.397893200603
distance(32, 49) = 7133.042726543621
distance(32, 50) = 7636.159804557115
distance(32, 51) = 8061.369928881027
distance(32, 52) = 8405.75858439984
distance(32, 53) = 8800.692154775901
distance(32, 54) = 9222.859084633357
distance(32, 55) = 9659.475115745008
distance(32, 56) = 10153.394372350376
distance(32, 57) = 10584.85377065719
distance(32, 58) = 10929.301519181994
distance(32, 59) = 11369.944338562746
distance(32, 60) = 11822.396777219346
distance(32, 61) = 12191.01719678167
distance(32, 62) = 12396.709564353458
distance(32, 63) = 12281.333074331103
distance(32, 64) = 12250.694171551993
distance(32, 65) = 12410.759055375465
distance(33, 34) = 95.2609801621943
distance(33, 35) = 594.7912653575208
distance(33, 36) = 1008.3767162536476
distance(33, 37) = 1396.8531394448341
distance(33, 38) = 1927.049943128919
distance(33, 39) = 2023.4883217258937
distance(33, 40) = 2459.5979383885356
distance(33, 41) = 2998.110196086101
distance(33, 42) = 3338.493378286716
distance(33, 43) = 3856.3204482441843
distance(33, 44) = 4288.597328296161
distance(33, 45) = 4761.629469431208
distance(33, 46) = 5293.54501848757
distance(33, 47) = 5816.404463750994
distance(33, 48) = 6232.114218590588
distance(33, 49) = 6685.31303210519
distance(33, 50) = 7189.319860429247
distance(33, 51) = 7617.193187298314
distance(33, 52) = 7964.370567833584
distance(33, 53) = 8362.856058094572
distance(33, 54) = 8789.388397053643
distance(33, 55) = 9229.151732531753
distance(33, 56) = 9721.939830828316
distance(33, 57) = 10152.02736730967
distance(33, 58) = 10493.931102369159
distance(33, 59) = 10932.126206427798
distance(33, 60) = 11383.046669921678
distance(33, 61) = 11755.04070240403
distance(33, 62) = 11964.083039477542
distance(33, 63) = 11854.66596694399
distance(33, 64) = 11830.269717466917
distance(33, 65) = 12000.043086947748
distance(34, 35) = 496.35607520876584
distance(34, 36) = 911.6004861397225
distance(34, 37) = 1301.3009779467923
distance(34, 38) = 1831.6116257749616
distance(34, 39) = 1927.4496665316447
distance(34, 40) = 2361.9355025781592
distance(34, 41) = 2900.5431107930376
distance(34, 42) = 3240.588796929354
distance(34, 43) = 3758.2305718798866
distance(34, 44) = 4191.109159081233
distance(34, 45) = 4663.5170549173545
distance(34, 46) = 5195.271639816266
distance(34, 47) = 5718.555217167371
distance(34, 48) = 6134.46450724945
distance(34, 49) = 6588.195800793665
distance(34, 50) = 7092.484196345419
distance(34, 51) = 7521.170880195058
distance(34, 52) = 7869.159095780267
distance(34, 53) = 8268.640655460034
distance(34, 54) = 8696.361233833806
distance(34, 55) = 9136.958104453064
distance(34, 56) = 9629.42729461097
distance(34, 57) = 10059.134482278107
distance(34, 58) = 10400.342260166022
distance(34, 59) = 10837.859405966436
distance(34, 60) = 11288.349108112918
distance(34, 61) = 11661.263841556167
distance(34, 62) = 11871.203987991137
distance(34, 63) = 11763.362466478678
distance(34, 64) = 11740.585595085864
distance(34, 65) = 11912.828203828763
distance(35, 36) = 423.91488706598795
distance(35, 37) = 817.9763891424793
distance(35, 38) = 1346.012827327698
distance(35, 39) = 1436.7715509483974
distance(35, 40) = 1866.9884426883345
distance(35, 41) = 2405.197685232126
distance(35, 42) = 2743.6715605876984
distance(35, 43) = 3257.352010562133
distance(35, 44) = 3696.4460775330576
distance(35, 45) = 4161.399072837158
distance(35, 46) = 4687.730104638544
distance(35, 47) = 5220.528205782929
distance(35, 48) = 5638.673089527897
distance(35, 49) = 6094.49171632347
distance(35, 50) = 6599.637808168869
distance(35, 51) = 7031.071360064513
distance(35, 52) = 7382.023967703692
distance(35, 53) = 7785.340332129466
distance(35, 54) = 8217.82536891938
distance(35, 55) = 8661.826751625036
distance(35, 56) = 9152.890121599346
distance(35, 57) = 9580.972370167356
distance(35, 58) = 9919.319659274332
distance(35, 59) = 10354.11822743841
distance(35, 60) = 10802.917363656887
distance(35, 61) = 11179.392567045485
distance(35, 62) = 11392.923844710984
distance(35, 63) = 11291.626666954546
distance(35, 64) = 11275.772756134744
distance(35, 65) = 11458.818177635549
distance(36, 37) = 394.1624878048392
distance(36, 38) = 906.8237759805445
distance(36, 39) = 986.4159248959894
distance(36, 40) = 1409.9188464467604
distance(36, 41) = 1943.8555552596656
distance(36, 42) = 2279.735229958098
distance(36, 43) = 2792.417021705361
distance(36, 44) = 3235.2610577201626
distance(36, 45) = 3697.042263111097
distance(36, 46) = 4225.802836190598
distance(36, 47) = 4755.499928087496
distance(36, 48) = 5174.1119650130395
distance(36, 49) = 5635.099181260386
distance(36, 50) = 6142.881831224939
distance(36, 51) = 6582.032373949289
distance(36, 52) = 6940.161037843129
distance(36, 53) = 7351.788820160466
distance(36, 54) = 7792.892775457287
distance(36, 55) = 8238.063135149989
distance(36, 56) = 8729.022539792579
distance(36, 57) = 9156.121821664423
distance(36, 58) = 9489.321183945298
distance(36, 59) = 9918.382274132662
distance(36, 60) = 10363.42536495634
distance(36, 61) = 10747.213290072888
distance(36, 62) = 10967.535009198173
distance(36, 63) = 10868.207121668218
distance(36, 64) = 10853.658293283086
distance(36, 65) = 11039.787175606125
distance(37, 38) = 477.21425075118765
distance(37, 39) = 560.9702994789441
distance(37, 40) = 988.5152069572233
distance(37, 41) = 1526.796056338299
distance(37, 42) = 1866.407125246692
distance(37, 43) = 2384.195880556948
distance(37, 44) = 2817.9763533987475
distance(37, 45) = 3289.5742369133577
distance(37, 46) = 3822.049121958631
distance(37, 47) = 4344.399375899737
distance(37, 48) = 4760.654001805577
distance(37, 49) = 5216.5397446472225
distance(37, 50) = 5722.389055523559
distance(37, 51) = 6156.80845136885
distance(37, 52) = 6511.585389241138
distance(37, 53) = 6920.298538210309
distance(37, 54) = 7359.883331272667
distance(37, 55) = 7809.032892094627
distance(37, 56) = 8297.63953943948
distance(37, 57) = 8723.040764986901
distance(37, 58) = 9056.984817735733
distance(37, 59) = 9487.765166490452
distance(37, 60) = 9934.157812483722
distance(37, 61) = 10315.54100046666
distance(37, 62) = 10534.282618412228
distance(37, 63) = 10443.036172547712
distance(37, 64) = 10438.218670603334
distance(37, 65) = 10638.91456742532
distance(38, 39) = 82.40133813524191
distance(38, 40) = 511.0130483896569
distance(38, 41) = 1049.547373711041
distance(38, 42) = 1390.7546145326598
distance(38, 43) = 1908.7757237741305
distance(38, 44) = 2340.180142464688
distance(38, 45) = 2815.1893472500997
distance(38, 46) = 3349.1026966686113
distance(38, 47) = 3868.089029865874
distance(38, 48) = 4283.502852355982
distance(38, 49) = 4738.225980018391
distance(38, 50) = 5243.862025551436
distance(38, 51) = 5678.503083284822
distance(38, 52) = 6034.314501236962
distance(38, 53) = 6438.885058336367
distance(38, 54) = 6871.780389345345
distance(38, 55) = 7317.32091434999
distance(38, 56) = 7807.592056794913
distance(38, 57) = 8234.988044147864
distance(38, 58) = 8572.737433742004
distance(38, 59) = 9007.801218842009
distance(38, 60) = 9456.715879322273
distance(38, 61) = 9832.798253839634
distance(38, 62) = 10046.841786166993
distance(38, 63) = 9949.058047697225
distance(38, 64) = 9939.385188077506
distance(38, 65) = 10135.320593284086
distance(39, 40) = 427.0058125620435
distance(39, 41) = 965.5774567968075
distance(39, 42) = 1306.0991765427507
distance(39, 43) = 1824.230016404723
distance(39, 44) = 2256.473797569574
distance(39, 45) = 2730.338700769304
distance(39, 46) = 3264.0485343650657
distance(39, 47) = 3783.7218063575356
distance(39, 48) = 4199.456692435773
distance(39, 49) = 4655.003026471968
distance(39, 50) = 5161.037979525663
distance(39, 51) = 5593.702482415467
distance(39, 52) = 5941.140021849434
distance(39, 53) = 6343.070490800637
distance(39, 54) = 6776.809465286272
distance(39, 55) = 7222.975744943756
distance(39, 56) = 7712.954610501411
distance(39, 57) = 8140.036721454775
distance(39, 58) = 8477.277885422565
distance(39, 59) = 8911.893125533632
distance(39, 60) = 9361.117645184657
distance(39, 61) = 9737.182370434699
distance(39, 62) = 9951.824659127804
distance(39, 63) = 9855.221440892641
distance(39, 64) = 9846.873201858112
distance(39, 65) = 10044.953354935564
distance(40, 41) = 484.05157215290654
distance(40, 42) = 850.805919575601
distance(40, 43) = 1359.263932215877
distance(40, 44) = 1781.115008834034
distance(40, 45) = 2273.9069553678787
distance(40, 46) = 2811.6275105395207
distance(40, 47) = 3313.4587052646752
distance(40, 48) = 3721.334541511699
distance(40, 49) = 4162.691587815434
distance(40, 50) = 4662.913013941454
distance(40, 51) = 5086.16536547151
distance(40, 52) = 5433.961748676497
distance(40, 53) = 5837.550208794056
distance(40, 54) = 6274.2229712800145
distance(40, 55) = 6722.7779107205715
distance(40, 56) = 7211.569554689268
distance(40, 57) = 7637.4375932970615
distance(40, 58) = 7972.853793495366
distance(40, 59) = 8406.021338022421
distance(40, 60) = 8854.51813690751
distance(40, 61) = 9232.207274017997
distance(40, 62) = 9448.90992772355
distance(40, 63) = 9356.85679989229
distance(40, 64) = 9354.032115941123
distance(40, 65) = 9561.547124101897
distance(41, 42) = 342.0108064472815
distance(41, 43) = 858.8419209996041
distance(41, 44) = 1290.4628608401697
distance(41, 45) = 1766.4813396607954
distance(41, 46) = 2301.8664665854185
distance(41, 47) = 2818.093160201521
distance(41, 48) = 3233.86075654978
distance(41, 49) = 3684.9812751150907
distance(41, 50) = 4187.598830037573
distance(41, 51) = 4617.442160621215
distance(41, 52) = 4971.884390065329
distance(41, 53) = 5383.537549356331
distance(41, 54) = 5829.610413540405
distance(41, 55) = 6284.295588984389
distance(41, 56) = 6769.706536761801
distance(41, 57) = 7192.044123244317
distance(41, 58) = 7521.817699441709
distance(41, 59) = 7949.661037055407
distance(41, 60) = 8394.848699349277
distance(41, 61) = 8778.974887249022
distance(41, 62) = 9001.992354303651
distance(41, 63) = 8921.436127348332
distance(41, 64) = 8930.45964358338
distance(41, 65) = 9155.669933331676
distance(42, 43) = 506.9911177305882
distance(42, 44) = 930.2717847985944
distance(42, 45) = 1423.0695570896441
distance(42, 46) = 1959.697703110178
distance(42, 47) = 2462.3017361635525
distance(42, 48) = 2870.4431657825407
distance(42, 49) = 3315.2693555762503
distance(42, 50) = 3818.2244725118867
distance(42, 51) = 4250.010087842225
distance(42, 52) = 4607.1743732797995
distance(42, 53) = 5022.656860654229
distance(42, 54) = 5473.6284359322535
distance(42, 55) = 5931.594863349131
distance(42, 56) = 6414.894569367526
distance(42, 57) = 6835.16378838527
distance(42, 58) = 7161.899973791468
distance(42, 59) = 7587.057549393717
distance(42, 60) = 8030.677567659133
distance(42, 61) = 8417.76240135209
distance(42, 62) = 8643.927977070227
distance(42, 63) = 8569.6181196713
distance(42, 64) = 8585.493139067932
distance(42, 65) = 8821.409344194992
distance(43, 44) = 429.8145786387552
distance(43, 45) = 905.2845909729043
distance(43, 46) = 1438.5840942381164
distance(43, 47) = 1959.0478956193883
distance(43, 48) = 2373.0418837513007
distance(43, 49) = 2829.57571391666
distance(43, 50) = 3337.7630111897556
distance(43, 51) = 3783.815776364628
distance(43, 52) = 4153.848579802449
distance(43, 53) = 4583.630838419755
distance(43, 54) = 5050.1255860205065
distance(43, 55) = 5517.143337388133
distance(43, 56) = 5993.340728527455
distance(43, 57) = 6406.688885001539
distance(43, 58) = 6723.23680407461
distance(43, 59) = 7138.598485104221
distance(43, 60) = 7575.93621359581
distance(43, 61) = 7973.683391138706
distance(43, 62) = 8210.049150970715
distance(43, 63) = 8154.23933008109
distance(43, 64) = 8188.421702650641
distance(43, 65) = 8450.302884623725
distance(44, 45) = 458.82815772663713
distance(44, 46) = 995.2222599278185
distance(44, 47) = 1514.8143865611848
distance(44, 48) = 1934.842562776168
distance(44, 49) = 2399.834508684167
distance(44, 50) = 2908.4483841553747
distance(44, 51) = 3357.31486644062
distance(44, 52) = 3731.203415461672
distance(44, 53) = 4166.184361443925
distance(44, 54) = 4639.098830523364
distance(44, 55) = 5109.8850644917275
distance(44, 56) = 5582.369537528002
distance(44, 57) = 5992.38229415641
distance(44, 58) = 6304.625493306154
distance(44, 59) = 6716.305333289618
distance(44, 60) = 7151.546621086527
distance(44, 61) = 7552.686219762367
distance(44, 62) = 7792.785566375246
distance(44, 63) = 7744.836689663721
distance(44, 64) = 7787.7248995762875
distance(44, 65) = 8063.033650491189
distance(45, 46) = 536.6446525579515
distance(45, 47) = 1039.1068420098911
distance(45, 48) = 1450.3431509288134
distance(45, 49) = 1910.3694392581688
distance(45, 50) = 2421.2749208482583
distance(45, 51) = 2878.841262670835
distance(45, 52) = 3261.490240972678
distance(45, 53) = 3706.6096661498004
distance(45, 54) = 4190.838453455351
distance(45, 55) = 4662.461379049465
distance(45, 56) = 5132.879822923584
distance(45, 57) = 5536.561265049086
distance(45, 58) = 5840.707069600344
distance(45, 59) = 6245.105558920145
distance(45, 60) = 6675.933836653041
distance(45, 61) = 7083.6963176147865
distance(45, 62) = 7330.589630057666
distance(45, 63) = 7296.231649663566
distance(45, 64) = 7353.29726854067
distance(45, 65) = 7649.2651040769915
distance(46, 47) = 506.6741284582521
distance(46, 48) = 928.0112681737431
distance(46, 49) = 1408.905867250985
distance(46, 50) = 1923.8609756727274
distance(46, 51) = 2402.155797867542
distance(46, 52) = 2802.216075280152
distance(46, 53) = 3265.1305533319824
distance(46, 54) = 3767.5929197853097
distance(46, 55) = 4235.115247480913
distance(46, 56) = 4703.301003797473
distance(46, 57) = 5094.639261366608
distance(46, 58) = 5383.505844685978
distance(46, 59) = 5773.5782020993065
distance(46, 60) = 6195.266940267178
distance(46, 61) = 6615.216726542915
distance(46, 62) = 6874.057665354779
distance(46, 63) = 6862.921575657337
distance(46, 64) = 6942.798620197611
distance(46, 65) = 7269.92452835349
distance(47, 48) = 424.779191298597
distance(47, 49) = 918.0266073495261
distance(47, 50) = 1431.7010784183447
distance(47, 51) = 1922.8584090249497
distance(47, 52) = 2334.205171258373
distance(47, 53) = 2808.651574826014
distance(47, 54) = 3323.119393342973
distance(47, 55) = 3785.259831885554
distance(47, 56) = 4250.136199466018
distance(47, 57) = 4631.340954317309
distance(47, 58) = 4909.0256113701125
distance(47, 59) = 5289.389282853355
distance(47, 60) = 5705.3418003033485
distance(47, 61) = 6132.175371823412
distance(47, 62) = 6398.313296058774
distance(47, 63) = 6402.8721896461575
distance(47, 64) = 6499.112191825589
distance(47, 65) = 6849.338308105417
distance(48, 49) = 500.7921082394274
distance(48, 50) = 1009.1215935436744
distance(48, 51) = 1508.6862871428273
distance(48, 52) = 1926.8290741386324
distance(48, 53) = 2408.202898469084
distance(48, 54) = 2929.53772334031
distance(48, 55) = 3387.0363506504327
distance(48, 56) = 3848.80818260104
distance(48, 57) = 4222.9473657364115
distance(48, 58) = 4493.824259209558
distance(48, 59) = 4863.717728184183
distance(48, 60) = 5261.54486262196
distance(48, 61) = 5707.100707141491
distance(48, 62) = 5981.882891463236
distance(48, 63) = 5995.2861077196185
distance(48, 64) = 6101.793485124177
distance(48, 65) = 6467.393035490677
distance(49, 50) = 498.8724851829918
distance(49, 51) = 1006.7597898046567
distance(49, 52) = 1427.2770209585274
distance(49, 53) = 1911.3668479409093
distance(49, 54) = 2433.7181248269812
distance(49, 55) = 2890.4869750985504
distance(49, 56) = 3350.6143450502877
distance(49, 57) = 3722.5085149738884
distance(49, 58) = 3980.4145024803497
distance(49, 59) = 4335.224459186595
distance(49, 60) = 4736.438750299131
distance(49, 61) = 5178.539892547528
distance(49, 62) = 5461.048161386178
distance(49, 63) = 5494.906584922067
distance(49, 64) = 5604.745817755422
distance(49, 65) = 5978.5938084413265
distance(50, 51) = 512.9833128135003
distance(50, 52) = 945.3066675913798
distance(50, 53) = 1438.3293771549265
distance(50, 54) = 1954.3882669007326
distance(50, 55) = 2413.0082275618083
distance(50, 56) = 2865.8398193455437
distance(50, 57) = 3225.844435475517
distance(50, 58) = 3478.7088160000476
distance(50, 59) = 3831.1095763165954
distance(50, 60) = 4233.044669737841
distance(50, 61) = 4674.413526865697
distance(50, 62) = 4957.746792963313
distance(50, 63) = 4997.608916095005
distance(50, 64) = 5121.322357507737
distance(50, 65) = 5516.146473708102
distance(51, 52) = 431.99367245927334
distance(51, 53) = 925.8442222534468
distance(51, 54) = 1440.2594714364006
distance(51, 55) = 1898.9141966360382
distance(51, 56) = 2352.034827877013
distance(51, 57) = 2708.568830377419
distance(51, 58) = 2952.5309617979974
distance(51, 59) = 3313.2313167628363
distance(51, 60) = 3723.7119909452313
distance(51, 61) = 4156.698533002628
distance(51, 62) = 4434.486988548861
distance(51, 63) = 4475.968867740079
distance(51, 64) = 4607.579266716103
distance(51, 65) = 5003.304895615258
distance(52, 53) = 493.949079862206
distance(52, 54) = 1004.3046300227954
distance(52, 55) = 1462.357000865986
distance(52, 56) = 1900.8927665179458
distance(52, 57) = 2241.887325846562
distance(52, 58) = 2495.461970761302
distance(52, 59) = 2871.7511514816065
distance(52, 60) = 3295.060121926848
distance(52, 61) = 3714.093192263611
distance(52, 62) = 3982.112438567009
distance(52, 63) = 4011.223006704674
distance(52, 64) = 4150.441982414548
distance(52, 65) = 4570.900827541911
distance(53, 54) = 496.9607153768222
distance(53, 55) = 951.6252304701939
distance(53, 56) = 1394.2170332119636
distance(53, 57) = 1757.0931587452637
distance(53, 58) = 2041.8773907933355
distance(53, 59) = 2452.812838379197
distance(53, 60) = 2898.8774872965105
distance(53, 61) = 3286.7989611233024
distance(53, 62) = 3532.4173338818346
distance(53, 63) = 3529.425085487369
distance(53, 64) = 3649.0182719022055
distance(53, 65) = 4060.640011637826
distance(54, 55) = 456.7688488795795
distance(54, 56) = 917.4571398503856
distance(54, 57) = 1312.4864923577575
distance(54, 58) = 1638.6985169684508
distance(54, 59) = 2088.338214374417
distance(54, 60) = 2555.1816391759016
distance(54, 61) = 2900.424079895576
distance(54, 62) = 3117.0893515499183
distance(54, 63) = 3075.2063642804333
distance(54, 64) = 3170.6960332438553
distance(54, 65) = 3544.640647889492
distance(55, 56) = 470.66111517553685
distance(55, 57) = 894.9029081529346
distance(55, 58) = 1259.3787910659169
distance(55, 59) = 1738.697036508115
distance(55, 60) = 2215.1613239695434
distance(55, 61) = 2517.2250670984367
distance(55, 62) = 2706.599707391376
distance(55, 63) = 2633.8812341871353
distance(55, 64) = 2690.2773582595105
distance(55, 65) = 3053.587046971495
distance(56, 57) = 443.9766035090813
distance(56, 58) = 838.6062575688128
distance(56, 59) = 1334.7600329303618
distance(56, 60) = 1791.1918980786872
distance(56, 61) = 2073.894194347978
distance(56, 62) = 2230.2946057733384
distance(56, 63) = 2110.3272731421594
distance(56, 64) = 2170.1411824950605
distance(56, 65) = 2566.5240229725982
distance(57, 58) = 406.70721911715543
distance(57, 59) = 904.8999418506559
distance(57, 60) = 1338.5532973308457
distance(57, 61) = 1600.781777747985
distance(57, 62) = 1751.7890304467057
distance(57, 63) = 1672.1193204371332
distance(57, 64) = 1796.693097539215
distance(57, 65) = 2279.196030802899
distance(58, 59) = 486.0978003987841
distance(58, 60) = 901.8880333169635
distance(58, 61) = 1176.2713612292446
distance(58, 62) = 1365.9937181264966
distance(58, 63) = 1381.846166133322
distance(58, 64) = 1609.3912109107837
distance(58, 65) = 2175.2182748552295
distance(59, 60) = 419.29862720989206
distance(59, 61) = 720.5153180467574
distance(59, 62) = 984.0780809683806
distance(59, 63) = 1164.8437712786215
distance(59, 64) = 1518.9171097266499
distance(59, 65) = 2123.9852707295036
distance(60, 61) = 333.78320414856097
distance(60, 62) = 682.9542884863747
distance(60, 63) = 1037.4880586013223
distance(60, 64) = 1478.4192216774304
distance(60, 65) = 2083.1589832406216
distance(61, 62) = 390.9907695248193
distance(61, 63) = 856.6110702907949
distance(61, 64) = 1334.5274871577055
distance(61, 65) = 1917.0278020337687
distance(62, 63) = 537.8944063426297
distance(62, 64) = 1019.2314822836153
distance(62, 65) = 1571.8967835273909
distance(63, 64) = 451.0256959453261
distance(63, 65) = 984.0673060144263
distance(64, 65) = 541.7476892142506
Distance minimale = 79.86972015574906 entre les polylignes 10 et 11
<<< Close ../data/BK/PT_VR.i2s


===== Summary =====
65 polylignes analysés avec un total de 130 points
0 polyligne(s) s'intersectant avec lui-même
0 polyligne(s) fermé(s)
